{"total": {"lines":{"total":20715,"covered":5182,"skipped":0,"pct":25.02},"statements":{"total":22864,"covered":6382,"skipped":0,"pct":27.91},"functions":{"total":5081,"covered":542,"skipped":0,"pct":10.67},"branches":{"total":5866,"covered":11,"skipped":0,"pct":0.19}}
,"/Users/harshal/projects/code/korangle/frontend/src/polyfills.ts": {"lines":{"total":2,"covered":2,"skipped":0,"pct":100},"functions":{"total":0,"covered":0,"skipped":0,"pct":100},"statements":{"total":2,"covered":2,"skipped":0,"pct":100},"branches":{"total":0,"covered":0,"skipped":0,"pct":100}}
,"/Users/harshal/projects/code/korangle/frontend/src/test.ts": {"lines":{"total":6,"covered":6,"skipped":0,"pct":100},"functions":{"total":0,"covered":0,"skipped":0,"pct":100},"statements":{"total":6,"covered":6,"skipped":0,"pct":100},"branches":{"total":0,"covered":0,"skipped":0,"pct":100}}
,"/Users/harshal/projects/code/korangle/frontend/src/app/app.component.ts": {"lines":{"total":60,"covered":18,"skipped":0,"pct":30},"functions":{"total":9,"covered":1,"skipped":0,"pct":11.11},"statements":{"total":64,"covered":20,"skipped":0,"pct":31.25},"branches":{"total":14,"covered":0,"skipped":0,"pct":0}}
,"/Users/harshal/projects/code/korangle/frontend/src/app/app.module.ts": {"lines":{"total":17,"covered":17,"skipped":0,"pct":100},"functions":{"total":1,"covered":1,"skipped":0,"pct":100},"statements":{"total":20,"covered":20,"skipped":0,"pct":100},"branches":{"total":0,"covered":0,"skipped":0,"pct":100}}
,"/Users/harshal/projects/code/korangle/frontend/src/app/app.routing.ts": {"lines":{"total":6,"covered":6,"skipped":0,"pct":100},"functions":{"total":1,"covered":1,"skipped":0,"pct":100},"statements":{"total":9,"covered":9,"skipped":0,"pct":100},"branches":{"total":0,"covered":0,"skipped":0,"pct":100}}
,"/Users/harshal/projects/code/korangle/frontend/src/app/custom-preload.ts": {"lines":{"total":20,"covered":5,"skipped":0,"pct":25},"functions":{"total":7,"covered":1,"skipped":0,"pct":14.29},"statements":{"total":21,"covered":6,"skipped":0,"pct":28.57},"branches":{"total":22,"covered":0,"skipped":0,"pct":0}}
,"/Users/harshal/projects/code/korangle/frontend/src/app/authentication/login.component.ts": {"lines":{"total":46,"covered":17,"skipped":0,"pct":36.96},"functions":{"total":9,"covered":1,"skipped":0,"pct":11.11},"statements":{"total":49,"covered":19,"skipped":0,"pct":38.78},"branches":{"total":6,"covered":0,"skipped":0,"pct":0}}
,"/Users/harshal/projects/code/korangle/frontend/src/app/basic-components/basic-components.module.ts": {"lines":{"total":10,"covered":10,"skipped":0,"pct":100},"functions":{"total":1,"covered":1,"skipped":0,"pct":100},"statements":{"total":13,"covered":13,"skipped":0,"pct":100},"branches":{"total":0,"covered":0,"skipped":0,"pct":100}}
,"/Users/harshal/projects/code/korangle/frontend/src/app/basic-components/loading-spinner/loading-spinner.component.ts": {"lines":{"total":12,"covered":9,"skipped":0,"pct":75},"functions":{"total":5,"covered":4,"skipped":0,"pct":80},"statements":{"total":15,"covered":12,"skipped":0,"pct":80},"branches":{"total":2,"covered":1,"skipped":0,"pct":50}}
,"/Users/harshal/projects/code/korangle/frontend/src/app/basic-components/navbar/navbar.component.ts": {"lines":{"total":30,"covered":10,"skipped":0,"pct":33.33},"functions":{"total":7,"covered":1,"skipped":0,"pct":14.29},"statements":{"total":33,"covered":12,"skipped":0,"pct":36.36},"branches":{"total":2,"covered":0,"skipped":0,"pct":0}}
,"/Users/harshal/projects/code/korangle/frontend/src/app/basic-components/sidebar/sidebar.component.ts": {"lines":{"total":68,"covered":22,"skipped":0,"pct":32.35},"functions":{"total":20,"covered":1,"skipped":0,"pct":5},"statements":{"total":76,"covered":24,"skipped":0,"pct":31.58},"branches":{"total":16,"covered":0,"skipped":0,"pct":0}}
,"/Users/harshal/projects/code/korangle/frontend/src/app/classes/cache-storage.ts": {"lines":{"total":6,"covered":3,"skipped":0,"pct":50},"functions":{"total":3,"covered":1,"skipped":0,"pct":33.33},"statements":{"total":7,"covered":4,"skipped":0,"pct":57.14},"branches":{"total":2,"covered":0,"skipped":0,"pct":0}}
,"/Users/harshal/projects/code/korangle/frontend/src/app/classes/classs.ts": {"lines":{"total":4,"covered":2,"skipped":0,"pct":50},"functions":{"total":1,"covered":1,"skipped":0,"pct":100},"statements":{"total":5,"covered":3,"skipped":0,"pct":60},"branches":{"total":0,"covered":0,"skipped":0,"pct":100}}
,"/Users/harshal/projects/code/korangle/frontend/src/app/classes/common-functions.ts": {"lines":{"total":30,"covered":6,"skipped":0,"pct":20},"functions":{"total":6,"covered":1,"skipped":0,"pct":16.67},"statements":{"total":33,"covered":7,"skipped":0,"pct":21.21},"branches":{"total":14,"covered":0,"skipped":0,"pct":0}}
,"/Users/harshal/projects/code/korangle/frontend/src/app/classes/common.js": {"lines":{"total":9,"covered":2,"skipped":0,"pct":22.22},"functions":{"total":4,"covered":1,"skipped":0,"pct":25},"statements":{"total":9,"covered":2,"skipped":0,"pct":22.22},"branches":{"total":8,"covered":1,"skipped":0,"pct":12.5}}
,"/Users/harshal/projects/code/korangle/frontend/src/app/classes/constants.ts": {"lines":{"total":3,"covered":3,"skipped":0,"pct":100},"functions":{"total":1,"covered":1,"skipped":0,"pct":100},"statements":{"total":4,"covered":4,"skipped":0,"pct":100},"branches":{"total":0,"covered":0,"skipped":0,"pct":100}}
,"/Users/harshal/projects/code/korangle/frontend/src/app/classes/data-storage.ts": {"lines":{"total":10,"covered":10,"skipped":0,"pct":100},"functions":{"total":5,"covered":5,"skipped":0,"pct":100},"statements":{"total":11,"covered":11,"skipped":0,"pct":100},"branches":{"total":2,"covered":2,"skipped":0,"pct":100}}
,"/Users/harshal/projects/code/korangle/frontend/src/app/classes/expense.ts": {"lines":{"total":2,"covered":2,"skipped":0,"pct":100},"functions":{"total":1,"covered":1,"skipped":0,"pct":100},"statements":{"total":3,"covered":3,"skipped":0,"pct":100},"branches":{"total":0,"covered":0,"skipped":0,"pct":100}}
,"/Users/harshal/projects/code/korangle/frontend/src/app/classes/school.ts": {"lines":{"total":48,"covered":3,"skipped":0,"pct":6.25},"functions":{"total":4,"covered":1,"skipped":0,"pct":25},"statements":{"total":49,"covered":4,"skipped":0,"pct":8.16},"branches":{"total":6,"covered":0,"skipped":0,"pct":0}}
,"/Users/harshal/projects/code/korangle/frontend/src/app/classes/section.ts": {"lines":{"total":3,"covered":2,"skipped":0,"pct":66.67},"functions":{"total":1,"covered":1,"skipped":0,"pct":100},"statements":{"total":4,"covered":3,"skipped":0,"pct":75},"branches":{"total":0,"covered":0,"skipped":0,"pct":100}}
,"/Users/harshal/projects/code/korangle/frontend/src/app/classes/student.ts": {"lines":{"total":36,"covered":3,"skipped":0,"pct":8.33},"functions":{"total":2,"covered":1,"skipped":0,"pct":50},"statements":{"total":37,"covered":4,"skipped":0,"pct":10.81},"branches":{"total":0,"covered":0,"skipped":0,"pct":100}}
,"/Users/harshal/projects/code/korangle/frontend/src/app/classes/user.ts": {"lines":{"total":65,"covered":11,"skipped":0,"pct":16.92},"functions":{"total":9,"covered":1,"skipped":0,"pct":11.11},"statements":{"total":67,"covered":12,"skipped":0,"pct":17.91},"branches":{"total":22,"covered":0,"skipped":0,"pct":0}}
,"/Users/harshal/projects/code/korangle/frontend/src/app/classes/constants/medium.ts": {"lines":{"total":1,"covered":1,"skipped":0,"pct":100},"functions":{"total":0,"covered":0,"skipped":0,"pct":100},"statements":{"total":1,"covered":1,"skipped":0,"pct":100},"branches":{"total":0,"covered":0,"skipped":0,"pct":100}}
,"/Users/harshal/projects/code/korangle/frontend/src/app/classes/constants/month.ts": {"lines":{"total":1,"covered":1,"skipped":0,"pct":100},"functions":{"total":0,"covered":0,"skipped":0,"pct":100},"statements":{"total":1,"covered":1,"skipped":0,"pct":100},"branches":{"total":0,"covered":0,"skipped":0,"pct":100}}
,"/Users/harshal/projects/code/korangle/frontend/src/app/classes/constants/test-type.ts": {"lines":{"total":1,"covered":1,"skipped":0,"pct":100},"functions":{"total":0,"covered":0,"skipped":0,"pct":100},"statements":{"total":1,"covered":1,"skipped":0,"pct":100},"branches":{"total":0,"covered":0,"skipped":0,"pct":100}}
,"/Users/harshal/projects/code/korangle/frontend/src/app/components/components.module.ts": {"lines":{"total":25,"covered":25,"skipped":0,"pct":100},"functions":{"total":1,"covered":1,"skipped":0,"pct":100},"statements":{"total":28,"covered":28,"skipped":0,"pct":100},"branches":{"total":0,"covered":0,"skipped":0,"pct":100}}
,"/Users/harshal/projects/code/korangle/frontend/src/app/components/date.adapter.ts": {"lines":{"total":40,"covered":8,"skipped":0,"pct":20},"functions":{"total":5,"covered":1,"skipped":0,"pct":20},"statements":{"total":42,"covered":10,"skipped":0,"pct":23.81},"branches":{"total":24,"covered":0,"skipped":0,"pct":0}}
,"/Users/harshal/projects/code/korangle/frontend/src/app/components/day-date/day-date.component.ts": {"lines":{"total":32,"covered":17,"skipped":0,"pct":53.13},"functions":{"total":6,"covered":1,"skipped":0,"pct":16.67},"statements":{"total":37,"covered":19,"skipped":0,"pct":51.35},"branches":{"total":8,"covered":0,"skipped":0,"pct":0}}
,"/Users/harshal/projects/code/korangle/frontend/src/app/components/day-date-old/day-date-old.component.ts": {"lines":{"total":36,"covered":17,"skipped":0,"pct":47.22},"functions":{"total":5,"covered":1,"skipped":0,"pct":20},"statements":{"total":41,"covered":19,"skipped":0,"pct":46.34},"branches":{"total":14,"covered":0,"skipped":0,"pct":0}}
,"/Users/harshal/projects/code/korangle/frontend/src/app/components/employee-filter/employee-filter.component.ts": {"lines":{"total":35,"covered":14,"skipped":0,"pct":40},"functions":{"total":11,"covered":1,"skipped":0,"pct":9.09},"statements":{"total":38,"covered":16,"skipped":0,"pct":42.11},"branches":{"total":10,"covered":0,"skipped":0,"pct":0}}
,"/Users/harshal/projects/code/korangle/frontend/src/app/components/month-date/month-date.component.ts": {"lines":{"total":33,"covered":18,"skipped":0,"pct":54.55},"functions":{"total":6,"covered":1,"skipped":0,"pct":16.67},"statements":{"total":35,"covered":20,"skipped":0,"pct":57.14},"branches":{"total":2,"covered":0,"skipped":0,"pct":0}}
,"/Users/harshal/projects/code/korangle/frontend/src/app/components/parent-student-filter/parent-student-filter.component.ts": {"lines":{"total":89,"covered":30,"skipped":0,"pct":33.71},"functions":{"total":29,"covered":1,"skipped":0,"pct":3.45},"statements":{"total":92,"covered":32,"skipped":0,"pct":34.78},"branches":{"total":37,"covered":0,"skipped":0,"pct":0}}
,"/Users/harshal/projects/code/korangle/frontend/src/app/components/parent-student-filter/parent-student-filter.service.adapter.ts": {"lines":{"total":30,"covered":6,"skipped":0,"pct":20},"functions":{"total":13,"covered":1,"skipped":0,"pct":7.69},"statements":{"total":36,"covered":7,"skipped":0,"pct":19.44},"branches":{"total":4,"covered":0,"skipped":0,"pct":0}}
,"/Users/harshal/projects/code/korangle/frontend/src/app/excel/excel-service.ts": {"lines":{"total":11,"covered":7,"skipped":0,"pct":63.64},"functions":{"total":4,"covered":1,"skipped":0,"pct":25},"statements":{"total":13,"covered":9,"skipped":0,"pct":69.23},"branches":{"total":0,"covered":0,"skipped":0,"pct":100}}
,"/Users/harshal/projects/code/korangle/frontend/src/app/frontpage/frontpage.component.ts": {"lines":{"total":26,"covered":9,"skipped":0,"pct":34.62},"functions":{"total":6,"covered":1,"skipped":0,"pct":16.67},"statements":{"total":30,"covered":11,"skipped":0,"pct":36.67},"branches":{"total":10,"covered":0,"skipped":0,"pct":0}}
,"/Users/harshal/projects/code/korangle/frontend/src/app/frontpage/about-us/about-us.component.ts": {"lines":{"total":4,"covered":4,"skipped":0,"pct":100},"functions":{"total":3,"covered":1,"skipped":0,"pct":33.33},"statements":{"total":6,"covered":6,"skipped":0,"pct":100},"branches":{"total":0,"covered":0,"skipped":0,"pct":100}}
,"/Users/harshal/projects/code/korangle/frontend/src/app/frontpage/contact-us/contact-us.component.ts": {"lines":{"total":4,"covered":4,"skipped":0,"pct":100},"functions":{"total":3,"covered":1,"skipped":0,"pct":33.33},"statements":{"total":6,"covered":6,"skipped":0,"pct":100},"branches":{"total":0,"covered":0,"skipped":0,"pct":100}}
,"/Users/harshal/projects/code/korangle/frontend/src/app/frontpage/pricing/pricing.component.ts": {"lines":{"total":4,"covered":4,"skipped":0,"pct":100},"functions":{"total":3,"covered":1,"skipped":0,"pct":33.33},"statements":{"total":6,"covered":6,"skipped":0,"pct":100},"branches":{"total":0,"covered":0,"skipped":0,"pct":100}}
,"/Users/harshal/projects/code/korangle/frontend/src/app/frontpage/text-carousel/text-carousel.component.ts": {"lines":{"total":4,"covered":4,"skipped":0,"pct":100},"functions":{"total":3,"covered":1,"skipped":0,"pct":33.33},"statements":{"total":6,"covered":6,"skipped":0,"pct":100},"branches":{"total":0,"covered":0,"skipped":0,"pct":100}}
,"/Users/harshal/projects/code/korangle/frontend/src/app/frontpage/what-korangle-can-do/what-korangle-can-do.component.ts": {"lines":{"total":4,"covered":4,"skipped":0,"pct":100},"functions":{"total":3,"covered":1,"skipped":0,"pct":33.33},"statements":{"total":6,"covered":6,"skipped":0,"pct":100},"branches":{"total":0,"covered":0,"skipped":0,"pct":100}}
,"/Users/harshal/projects/code/korangle/frontend/src/app/frontpage/why-korangle/why-korangle.component.ts": {"lines":{"total":4,"covered":4,"skipped":0,"pct":100},"functions":{"total":3,"covered":1,"skipped":0,"pct":33.33},"statements":{"total":6,"covered":6,"skipped":0,"pct":100},"branches":{"total":0,"covered":0,"skipped":0,"pct":100}}
,"/Users/harshal/projects/code/korangle/frontend/src/app/modules/attendance/attendance.component.ts": {"lines":{"total":6,"covered":5,"skipped":0,"pct":83.33},"functions":{"total":3,"covered":1,"skipped":0,"pct":33.33},"statements":{"total":8,"covered":7,"skipped":0,"pct":87.5},"branches":{"total":0,"covered":0,"skipped":0,"pct":100}}
,"/Users/harshal/projects/code/korangle/frontend/src/app/modules/attendance/attendance.module.ts": {"lines":{"total":9,"covered":9,"skipped":0,"pct":100},"functions":{"total":1,"covered":1,"skipped":0,"pct":100},"statements":{"total":12,"covered":12,"skipped":0,"pct":100},"branches":{"total":0,"covered":0,"skipped":0,"pct":100}}
,"/Users/harshal/projects/code/korangle/frontend/src/app/modules/attendance/attendance.routing.ts": {"lines":{"total":9,"covered":9,"skipped":0,"pct":100},"functions":{"total":1,"covered":1,"skipped":0,"pct":100},"statements":{"total":12,"covered":12,"skipped":0,"pct":100},"branches":{"total":0,"covered":0,"skipped":0,"pct":100}}
,"/Users/harshal/projects/code/korangle/frontend/src/app/modules/attendance/classes/constants.ts": {"lines":{"total":3,"covered":3,"skipped":0,"pct":100},"functions":{"total":0,"covered":0,"skipped":0,"pct":100},"statements":{"total":3,"covered":3,"skipped":0,"pct":100},"branches":{"total":0,"covered":0,"skipped":0,"pct":100}}
,"/Users/harshal/projects/code/korangle/frontend/src/app/modules/attendance/pages/approve-leave/approve-leave.component.ts": {"lines":{"total":71,"covered":17,"skipped":0,"pct":23.94},"functions":{"total":15,"covered":1,"skipped":0,"pct":6.67},"statements":{"total":75,"covered":19,"skipped":0,"pct":25.33},"branches":{"total":19,"covered":0,"skipped":0,"pct":0}}
,"/Users/harshal/projects/code/korangle/frontend/src/app/modules/attendance/pages/approve-leave/approve-leave.module.ts": {"lines":{"total":5,"covered":5,"skipped":0,"pct":100},"functions":{"total":1,"covered":1,"skipped":0,"pct":100},"statements":{"total":8,"covered":8,"skipped":0,"pct":100},"branches":{"total":0,"covered":0,"skipped":0,"pct":100}}
,"/Users/harshal/projects/code/korangle/frontend/src/app/modules/attendance/pages/approve-leave/approve-leave.routing.ts": {"lines":{"total":6,"covered":6,"skipped":0,"pct":100},"functions":{"total":1,"covered":1,"skipped":0,"pct":100},"statements":{"total":9,"covered":9,"skipped":0,"pct":100},"branches":{"total":0,"covered":0,"skipped":0,"pct":100}}
,"/Users/harshal/projects/code/korangle/frontend/src/app/modules/attendance/pages/approve-leave/approve-leave.service.adapter.ts": {"lines":{"total":77,"covered":10,"skipped":0,"pct":12.99},"functions":{"total":30,"covered":1,"skipped":0,"pct":3.33},"statements":{"total":84,"covered":11,"skipped":0,"pct":13.1},"branches":{"total":12,"covered":0,"skipped":0,"pct":0}}
,"/Users/harshal/projects/code/korangle/frontend/src/app/modules/attendance/pages/declare-holidays/declare-holidays.component.ts": {"lines":{"total":161,"covered":28,"skipped":0,"pct":17.39},"functions":{"total":52,"covered":1,"skipped":0,"pct":1.92},"statements":{"total":171,"covered":30,"skipped":0,"pct":17.54},"branches":{"total":46,"covered":0,"skipped":0,"pct":0}}
,"/Users/harshal/projects/code/korangle/frontend/src/app/modules/attendance/pages/declare-holidays/declare-holidays.module.ts": {"lines":{"total":5,"covered":5,"skipped":0,"pct":100},"functions":{"total":1,"covered":1,"skipped":0,"pct":100},"statements":{"total":8,"covered":8,"skipped":0,"pct":100},"branches":{"total":0,"covered":0,"skipped":0,"pct":100}}
,"/Users/harshal/projects/code/korangle/frontend/src/app/modules/attendance/pages/declare-holidays/declare-holidays.routing.ts": {"lines":{"total":6,"covered":6,"skipped":0,"pct":100},"functions":{"total":1,"covered":1,"skipped":0,"pct":100},"statements":{"total":9,"covered":9,"skipped":0,"pct":100},"branches":{"total":0,"covered":0,"skipped":0,"pct":100}}
,"/Users/harshal/projects/code/korangle/frontend/src/app/modules/attendance/pages/record-attendance/record-attendance.component.ts": {"lines":{"total":232,"covered":37,"skipped":0,"pct":15.95},"functions":{"total":59,"covered":1,"skipped":0,"pct":1.69},"statements":{"total":247,"covered":39,"skipped":0,"pct":15.79},"branches":{"total":63,"covered":0,"skipped":0,"pct":0}}
,"/Users/harshal/projects/code/korangle/frontend/src/app/modules/attendance/pages/record-attendance/record-attendance.module.ts": {"lines":{"total":5,"covered":5,"skipped":0,"pct":100},"functions":{"total":1,"covered":1,"skipped":0,"pct":100},"statements":{"total":8,"covered":8,"skipped":0,"pct":100},"branches":{"total":0,"covered":0,"skipped":0,"pct":100}}
,"/Users/harshal/projects/code/korangle/frontend/src/app/modules/attendance/pages/record-attendance/record-attendance.routing.ts": {"lines":{"total":6,"covered":6,"skipped":0,"pct":100},"functions":{"total":1,"covered":1,"skipped":0,"pct":100},"statements":{"total":9,"covered":9,"skipped":0,"pct":100},"branches":{"total":0,"covered":0,"skipped":0,"pct":100}}
,"/Users/harshal/projects/code/korangle/frontend/src/app/modules/attendance/pages/record-employee-attendance/record-employee-attendance.component.ts": {"lines":{"total":208,"covered":35,"skipped":0,"pct":16.83},"functions":{"total":50,"covered":1,"skipped":0,"pct":2},"statements":{"total":221,"covered":37,"skipped":0,"pct":16.74},"branches":{"total":48,"covered":0,"skipped":0,"pct":0}}
,"/Users/harshal/projects/code/korangle/frontend/src/app/modules/attendance/pages/record-employee-attendance/record-employee-attendance.module.ts": {"lines":{"total":5,"covered":5,"skipped":0,"pct":100},"functions":{"total":1,"covered":1,"skipped":0,"pct":100},"statements":{"total":8,"covered":8,"skipped":0,"pct":100},"branches":{"total":0,"covered":0,"skipped":0,"pct":100}}
,"/Users/harshal/projects/code/korangle/frontend/src/app/modules/attendance/pages/record-employee-attendance/record-employee-attendance.routing.ts": {"lines":{"total":6,"covered":6,"skipped":0,"pct":100},"functions":{"total":1,"covered":1,"skipped":0,"pct":100},"statements":{"total":9,"covered":9,"skipped":0,"pct":100},"branches":{"total":0,"covered":0,"skipped":0,"pct":100}}
,"/Users/harshal/projects/code/korangle/frontend/src/app/modules/attendance/print/print-employee-attendance-list/print-employee-attendance-list.component.ts": {"lines":{"total":61,"covered":12,"skipped":0,"pct":19.67},"functions":{"total":9,"covered":1,"skipped":0,"pct":11.11},"statements":{"total":67,"covered":14,"skipped":0,"pct":20.9},"branches":{"total":16,"covered":0,"skipped":0,"pct":0}}
,"/Users/harshal/projects/code/korangle/frontend/src/app/modules/attendance/print/print-student-attendance-list/print-student-attendance-list.component.ts": {"lines":{"total":57,"covered":13,"skipped":0,"pct":22.81},"functions":{"total":9,"covered":1,"skipped":0,"pct":11.11},"statements":{"total":63,"covered":15,"skipped":0,"pct":23.81},"branches":{"total":12,"covered":0,"skipped":0,"pct":0}}
,"/Users/harshal/projects/code/korangle/frontend/src/app/modules/class/class.component.ts": {"lines":{"total":6,"covered":5,"skipped":0,"pct":83.33},"functions":{"total":3,"covered":1,"skipped":0,"pct":33.33},"statements":{"total":8,"covered":7,"skipped":0,"pct":87.5},"branches":{"total":0,"covered":0,"skipped":0,"pct":100}}
,"/Users/harshal/projects/code/korangle/frontend/src/app/modules/class/class.module.ts": {"lines":{"total":5,"covered":5,"skipped":0,"pct":100},"functions":{"total":1,"covered":1,"skipped":0,"pct":100},"statements":{"total":8,"covered":8,"skipped":0,"pct":100},"branches":{"total":0,"covered":0,"skipped":0,"pct":100}}
,"/Users/harshal/projects/code/korangle/frontend/src/app/modules/class/class.routing.ts": {"lines":{"total":5,"covered":5,"skipped":0,"pct":100},"functions":{"total":1,"covered":1,"skipped":0,"pct":100},"statements":{"total":8,"covered":8,"skipped":0,"pct":100},"branches":{"total":0,"covered":0,"skipped":0,"pct":100}}
,"/Users/harshal/projects/code/korangle/frontend/src/app/modules/class/pages/assign-class/assign-class.component.ts": {"lines":{"total":110,"covered":22,"skipped":0,"pct":20},"functions":{"total":31,"covered":1,"skipped":0,"pct":3.23},"statements":{"total":119,"covered":24,"skipped":0,"pct":20.17},"branches":{"total":22,"covered":0,"skipped":0,"pct":0}}
,"/Users/harshal/projects/code/korangle/frontend/src/app/modules/class/pages/assign-class/assign-class.module.ts": {"lines":{"total":5,"covered":5,"skipped":0,"pct":100},"functions":{"total":1,"covered":1,"skipped":0,"pct":100},"statements":{"total":8,"covered":8,"skipped":0,"pct":100},"branches":{"total":0,"covered":0,"skipped":0,"pct":100}}
,"/Users/harshal/projects/code/korangle/frontend/src/app/modules/class/pages/assign-class/assign-class.routing.ts": {"lines":{"total":6,"covered":6,"skipped":0,"pct":100},"functions":{"total":1,"covered":1,"skipped":0,"pct":100},"statements":{"total":9,"covered":9,"skipped":0,"pct":100},"branches":{"total":0,"covered":0,"skipped":0,"pct":100}}
,"/Users/harshal/projects/code/korangle/frontend/src/app/modules/class/pages/set-roll-number/set-roll-number.component.ts": {"lines":{"total":104,"covered":16,"skipped":0,"pct":15.38},"functions":{"total":20,"covered":1,"skipped":0,"pct":5},"statements":{"total":111,"covered":18,"skipped":0,"pct":16.22},"branches":{"total":40,"covered":0,"skipped":0,"pct":0}}
,"/Users/harshal/projects/code/korangle/frontend/src/app/modules/class/pages/set-roll-number/set-roll-number.module.ts": {"lines":{"total":5,"covered":5,"skipped":0,"pct":100},"functions":{"total":1,"covered":1,"skipped":0,"pct":100},"statements":{"total":8,"covered":8,"skipped":0,"pct":100},"branches":{"total":0,"covered":0,"skipped":0,"pct":100}}
,"/Users/harshal/projects/code/korangle/frontend/src/app/modules/class/pages/set-roll-number/set-roll-number.routing.ts": {"lines":{"total":6,"covered":6,"skipped":0,"pct":100},"functions":{"total":1,"covered":1,"skipped":0,"pct":100},"statements":{"total":9,"covered":9,"skipped":0,"pct":100},"branches":{"total":0,"covered":0,"skipped":0,"pct":100}}
,"/Users/harshal/projects/code/korangle/frontend/src/app/modules/class/pages/set-roll-number/set-roll-number.service.adapter.ts": {"lines":{"total":45,"covered":6,"skipped":0,"pct":13.33},"functions":{"total":17,"covered":1,"skipped":0,"pct":5.88},"statements":{"total":48,"covered":7,"skipped":0,"pct":14.58},"branches":{"total":2,"covered":0,"skipped":0,"pct":0}}
,"/Users/harshal/projects/code/korangle/frontend/src/app/modules/class/pages/update-class/update-class.component.ts": {"lines":{"total":22,"covered":10,"skipped":0,"pct":45.45},"functions":{"total":4,"covered":1,"skipped":0,"pct":25},"statements":{"total":24,"covered":12,"skipped":0,"pct":50},"branches":{"total":0,"covered":0,"skipped":0,"pct":100}}
,"/Users/harshal/projects/code/korangle/frontend/src/app/modules/class/pages/update-class/update-class.module.ts": {"lines":{"total":5,"covered":5,"skipped":0,"pct":100},"functions":{"total":1,"covered":1,"skipped":0,"pct":100},"statements":{"total":8,"covered":8,"skipped":0,"pct":100},"branches":{"total":0,"covered":0,"skipped":0,"pct":100}}
,"/Users/harshal/projects/code/korangle/frontend/src/app/modules/class/pages/update-class/update-class.routing.ts": {"lines":{"total":6,"covered":6,"skipped":0,"pct":100},"functions":{"total":1,"covered":1,"skipped":0,"pct":100},"statements":{"total":9,"covered":9,"skipped":0,"pct":100},"branches":{"total":0,"covered":0,"skipped":0,"pct":100}}
,"/Users/harshal/projects/code/korangle/frontend/src/app/modules/class/pages/update-class/update-class.service.adapter.ts": {"lines":{"total":111,"covered":10,"skipped":0,"pct":9.01},"functions":{"total":24,"covered":1,"skipped":0,"pct":4.17},"statements":{"total":117,"covered":11,"skipped":0,"pct":9.4},"branches":{"total":20,"covered":0,"skipped":0,"pct":0}}
,"/Users/harshal/projects/code/korangle/frontend/src/app/modules/employee/employee.component.ts": {"lines":{"total":6,"covered":5,"skipped":0,"pct":83.33},"functions":{"total":3,"covered":1,"skipped":0,"pct":33.33},"statements":{"total":8,"covered":7,"skipped":0,"pct":87.5},"branches":{"total":0,"covered":0,"skipped":0,"pct":100}}
,"/Users/harshal/projects/code/korangle/frontend/src/app/modules/employee/employee.module.ts": {"lines":{"total":11,"covered":11,"skipped":0,"pct":100},"functions":{"total":1,"covered":1,"skipped":0,"pct":100},"statements":{"total":14,"covered":14,"skipped":0,"pct":100},"branches":{"total":0,"covered":0,"skipped":0,"pct":100}}
,"/Users/harshal/projects/code/korangle/frontend/src/app/modules/employee/employee.routing.ts": {"lines":{"total":10,"covered":10,"skipped":0,"pct":100},"functions":{"total":1,"covered":1,"skipped":0,"pct":100},"statements":{"total":13,"covered":13,"skipped":0,"pct":100},"branches":{"total":0,"covered":0,"skipped":0,"pct":100}}
,"/Users/harshal/projects/code/korangle/frontend/src/app/modules/employee/pages/add-employee/add-employee.component.ts": {"lines":{"total":70,"covered":10,"skipped":0,"pct":14.29},"functions":{"total":12,"covered":1,"skipped":0,"pct":8.33},"statements":{"total":74,"covered":12,"skipped":0,"pct":16.22},"branches":{"total":54,"covered":0,"skipped":0,"pct":0}}
,"/Users/harshal/projects/code/korangle/frontend/src/app/modules/employee/pages/add-employee/add-employee.module.ts": {"lines":{"total":5,"covered":5,"skipped":0,"pct":100},"functions":{"total":1,"covered":1,"skipped":0,"pct":100},"statements":{"total":8,"covered":8,"skipped":0,"pct":100},"branches":{"total":0,"covered":0,"skipped":0,"pct":100}}
,"/Users/harshal/projects/code/korangle/frontend/src/app/modules/employee/pages/add-employee/add-employee.routing.ts": {"lines":{"total":6,"covered":6,"skipped":0,"pct":100},"functions":{"total":1,"covered":1,"skipped":0,"pct":100},"statements":{"total":9,"covered":9,"skipped":0,"pct":100},"branches":{"total":0,"covered":0,"skipped":0,"pct":100}}
,"/Users/harshal/projects/code/korangle/frontend/src/app/modules/employee/pages/assign-task/assign-task.component.ts": {"lines":{"total":74,"covered":20,"skipped":0,"pct":27.03},"functions":{"total":23,"covered":1,"skipped":0,"pct":4.35},"statements":{"total":81,"covered":22,"skipped":0,"pct":27.16},"branches":{"total":20,"covered":0,"skipped":0,"pct":0}}
,"/Users/harshal/projects/code/korangle/frontend/src/app/modules/employee/pages/assign-task/assign-task.module.ts": {"lines":{"total":5,"covered":5,"skipped":0,"pct":100},"functions":{"total":1,"covered":1,"skipped":0,"pct":100},"statements":{"total":8,"covered":8,"skipped":0,"pct":100},"branches":{"total":0,"covered":0,"skipped":0,"pct":100}}
,"/Users/harshal/projects/code/korangle/frontend/src/app/modules/employee/pages/assign-task/assign-task.routing.ts": {"lines":{"total":6,"covered":6,"skipped":0,"pct":100},"functions":{"total":1,"covered":1,"skipped":0,"pct":100},"statements":{"total":9,"covered":9,"skipped":0,"pct":100},"branches":{"total":0,"covered":0,"skipped":0,"pct":100}}
,"/Users/harshal/projects/code/korangle/frontend/src/app/modules/employee/pages/assign-task/assign-task.service.adapter.ts": {"lines":{"total":31,"covered":6,"skipped":0,"pct":19.35},"functions":{"total":14,"covered":1,"skipped":0,"pct":7.14},"statements":{"total":34,"covered":7,"skipped":0,"pct":20.59},"branches":{"total":2,"covered":0,"skipped":0,"pct":0}}
,"/Users/harshal/projects/code/korangle/frontend/src/app/modules/employee/pages/experience-certi/experience-certi.component.ts": {"lines":{"total":66,"covered":15,"skipped":0,"pct":22.73},"functions":{"total":11,"covered":1,"skipped":0,"pct":9.09},"statements":{"total":69,"covered":17,"skipped":0,"pct":24.64},"branches":{"total":20,"covered":0,"skipped":0,"pct":0}}
,"/Users/harshal/projects/code/korangle/frontend/src/app/modules/employee/pages/experience-certi/experience-certi.module.ts": {"lines":{"total":5,"covered":5,"skipped":0,"pct":100},"functions":{"total":1,"covered":1,"skipped":0,"pct":100},"statements":{"total":8,"covered":8,"skipped":0,"pct":100},"branches":{"total":0,"covered":0,"skipped":0,"pct":100}}
,"/Users/harshal/projects/code/korangle/frontend/src/app/modules/employee/pages/experience-certi/experience-certi.routing.ts": {"lines":{"total":6,"covered":6,"skipped":0,"pct":100},"functions":{"total":1,"covered":1,"skipped":0,"pct":100},"statements":{"total":9,"covered":9,"skipped":0,"pct":100},"branches":{"total":0,"covered":0,"skipped":0,"pct":100}}
,"/Users/harshal/projects/code/korangle/frontend/src/app/modules/employee/pages/i-cards/i-cards.component.ts": {"lines":{"total":61,"covered":16,"skipped":0,"pct":26.23},"functions":{"total":18,"covered":2,"skipped":0,"pct":11.11},"statements":{"total":65,"covered":19,"skipped":0,"pct":29.23},"branches":{"total":2,"covered":0,"skipped":0,"pct":0}}
,"/Users/harshal/projects/code/korangle/frontend/src/app/modules/employee/pages/i-cards/i-cards.module.ts": {"lines":{"total":6,"covered":6,"skipped":0,"pct":100},"functions":{"total":1,"covered":1,"skipped":0,"pct":100},"statements":{"total":9,"covered":9,"skipped":0,"pct":100},"branches":{"total":0,"covered":0,"skipped":0,"pct":100}}
,"/Users/harshal/projects/code/korangle/frontend/src/app/modules/employee/pages/i-cards/i-cards.routing.ts": {"lines":{"total":6,"covered":6,"skipped":0,"pct":100},"functions":{"total":1,"covered":1,"skipped":0,"pct":100},"statements":{"total":9,"covered":9,"skipped":0,"pct":100},"branches":{"total":0,"covered":0,"skipped":0,"pct":100}}
,"/Users/harshal/projects/code/korangle/frontend/src/app/modules/employee/pages/update-profile/update-profile.component.ts": {"lines":{"total":152,"covered":17,"skipped":0,"pct":11.18},"functions":{"total":26,"covered":1,"skipped":0,"pct":3.85},"statements":{"total":158,"covered":19,"skipped":0,"pct":12.03},"branches":{"total":78,"covered":0,"skipped":0,"pct":0}}
,"/Users/harshal/projects/code/korangle/frontend/src/app/modules/employee/pages/update-profile/update-profile.module.ts": {"lines":{"total":5,"covered":5,"skipped":0,"pct":100},"functions":{"total":1,"covered":1,"skipped":0,"pct":100},"statements":{"total":8,"covered":8,"skipped":0,"pct":100},"branches":{"total":0,"covered":0,"skipped":0,"pct":100}}
,"/Users/harshal/projects/code/korangle/frontend/src/app/modules/employee/pages/update-profile/update-profile.routing.ts": {"lines":{"total":6,"covered":6,"skipped":0,"pct":100},"functions":{"total":1,"covered":1,"skipped":0,"pct":100},"statements":{"total":9,"covered":9,"skipped":0,"pct":100},"branches":{"total":0,"covered":0,"skipped":0,"pct":100}}
,"/Users/harshal/projects/code/korangle/frontend/src/app/modules/employee/pages/view-all/view-all.component.ts": {"lines":{"total":114,"covered":17,"skipped":0,"pct":14.91},"functions":{"total":16,"covered":2,"skipped":0,"pct":12.5},"statements":{"total":120,"covered":19,"skipped":0,"pct":15.83},"branches":{"total":92,"covered":0,"skipped":0,"pct":0}}
,"/Users/harshal/projects/code/korangle/frontend/src/app/modules/employee/pages/view-all/view-all.module.ts": {"lines":{"total":5,"covered":5,"skipped":0,"pct":100},"functions":{"total":1,"covered":1,"skipped":0,"pct":100},"statements":{"total":8,"covered":8,"skipped":0,"pct":100},"branches":{"total":0,"covered":0,"skipped":0,"pct":100}}
,"/Users/harshal/projects/code/korangle/frontend/src/app/modules/employee/pages/view-all/view-all.routing.ts": {"lines":{"total":6,"covered":6,"skipped":0,"pct":100},"functions":{"total":1,"covered":1,"skipped":0,"pct":100},"statements":{"total":9,"covered":9,"skipped":0,"pct":100},"branches":{"total":0,"covered":0,"skipped":0,"pct":100}}
,"/Users/harshal/projects/code/korangle/frontend/src/app/modules/employee/print/print-employee-exp-certi/print-employee-exp-certi.component.ts": {"lines":{"total":21,"covered":7,"skipped":0,"pct":33.33},"functions":{"total":5,"covered":1,"skipped":0,"pct":20},"statements":{"total":26,"covered":9,"skipped":0,"pct":34.62},"branches":{"total":2,"covered":0,"skipped":0,"pct":0}}
,"/Users/harshal/projects/code/korangle/frontend/src/app/modules/employee/print/print-employee-i-card/print-employee-i-cards.component.ts": {"lines":{"total":20,"covered":7,"skipped":0,"pct":35},"functions":{"total":5,"covered":1,"skipped":0,"pct":20},"statements":{"total":25,"covered":9,"skipped":0,"pct":36},"branches":{"total":2,"covered":0,"skipped":0,"pct":0}}
,"/Users/harshal/projects/code/korangle/frontend/src/app/modules/employee/print/print-employee-list/print-employee-list.component.ts": {"lines":{"total":19,"covered":7,"skipped":0,"pct":36.84},"functions":{"total":4,"covered":1,"skipped":0,"pct":25},"statements":{"total":22,"covered":9,"skipped":0,"pct":40.91},"branches":{"total":2,"covered":0,"skipped":0,"pct":0}}
,"/Users/harshal/projects/code/korangle/frontend/src/app/modules/enquiry/enquiry.component.ts": {"lines":{"total":6,"covered":5,"skipped":0,"pct":83.33},"functions":{"total":3,"covered":1,"skipped":0,"pct":33.33},"statements":{"total":8,"covered":7,"skipped":0,"pct":87.5},"branches":{"total":0,"covered":0,"skipped":0,"pct":100}}
,"/Users/harshal/projects/code/korangle/frontend/src/app/modules/enquiry/enquiry.module.ts": {"lines":{"total":8,"covered":8,"skipped":0,"pct":100},"functions":{"total":1,"covered":1,"skipped":0,"pct":100},"statements":{"total":11,"covered":11,"skipped":0,"pct":100},"branches":{"total":0,"covered":0,"skipped":0,"pct":100}}
,"/Users/harshal/projects/code/korangle/frontend/src/app/modules/enquiry/enquiry.routing.ts": {"lines":{"total":7,"covered":7,"skipped":0,"pct":100},"functions":{"total":1,"covered":1,"skipped":0,"pct":100},"statements":{"total":10,"covered":10,"skipped":0,"pct":100},"branches":{"total":0,"covered":0,"skipped":0,"pct":100}}
,"/Users/harshal/projects/code/korangle/frontend/src/app/modules/enquiry/pages/add-enquiry/add-enquiry.component.ts": {"lines":{"total":32,"covered":8,"skipped":0,"pct":25},"functions":{"total":7,"covered":1,"skipped":0,"pct":14.29},"statements":{"total":36,"covered":10,"skipped":0,"pct":27.78},"branches":{"total":12,"covered":0,"skipped":0,"pct":0}}
,"/Users/harshal/projects/code/korangle/frontend/src/app/modules/enquiry/pages/add-enquiry/add-enquiry.module.ts": {"lines":{"total":5,"covered":5,"skipped":0,"pct":100},"functions":{"total":1,"covered":1,"skipped":0,"pct":100},"statements":{"total":8,"covered":8,"skipped":0,"pct":100},"branches":{"total":0,"covered":0,"skipped":0,"pct":100}}
,"/Users/harshal/projects/code/korangle/frontend/src/app/modules/enquiry/pages/add-enquiry/add-enquiry.routing.ts": {"lines":{"total":6,"covered":6,"skipped":0,"pct":100},"functions":{"total":1,"covered":1,"skipped":0,"pct":100},"statements":{"total":9,"covered":9,"skipped":0,"pct":100},"branches":{"total":0,"covered":0,"skipped":0,"pct":100}}
,"/Users/harshal/projects/code/korangle/frontend/src/app/modules/enquiry/pages/delete-enquiry/delete-enquiry.component.ts": {"lines":{"total":54,"covered":15,"skipped":0,"pct":27.78},"functions":{"total":18,"covered":1,"skipped":0,"pct":5.56},"statements":{"total":60,"covered":17,"skipped":0,"pct":28.33},"branches":{"total":12,"covered":0,"skipped":0,"pct":0}}
,"/Users/harshal/projects/code/korangle/frontend/src/app/modules/enquiry/pages/delete-enquiry/delete-enquiry.module.ts": {"lines":{"total":5,"covered":5,"skipped":0,"pct":100},"functions":{"total":1,"covered":1,"skipped":0,"pct":100},"statements":{"total":8,"covered":8,"skipped":0,"pct":100},"branches":{"total":0,"covered":0,"skipped":0,"pct":100}}
,"/Users/harshal/projects/code/korangle/frontend/src/app/modules/enquiry/pages/delete-enquiry/delete-enquiry.routing.ts": {"lines":{"total":6,"covered":6,"skipped":0,"pct":100},"functions":{"total":1,"covered":1,"skipped":0,"pct":100},"statements":{"total":9,"covered":9,"skipped":0,"pct":100},"branches":{"total":0,"covered":0,"skipped":0,"pct":100}}
,"/Users/harshal/projects/code/korangle/frontend/src/app/modules/enquiry/pages/update-enquiry/update-enquiry.component.ts": {"lines":{"total":62,"covered":14,"skipped":0,"pct":22.58},"functions":{"total":18,"covered":1,"skipped":0,"pct":5.56},"statements":{"total":68,"covered":16,"skipped":0,"pct":23.53},"branches":{"total":18,"covered":0,"skipped":0,"pct":0}}
,"/Users/harshal/projects/code/korangle/frontend/src/app/modules/enquiry/pages/update-enquiry/update-enquiry.module.ts": {"lines":{"total":5,"covered":5,"skipped":0,"pct":100},"functions":{"total":1,"covered":1,"skipped":0,"pct":100},"statements":{"total":8,"covered":8,"skipped":0,"pct":100},"branches":{"total":0,"covered":0,"skipped":0,"pct":100}}
,"/Users/harshal/projects/code/korangle/frontend/src/app/modules/enquiry/pages/update-enquiry/update-enquiry.routing.ts": {"lines":{"total":6,"covered":6,"skipped":0,"pct":100},"functions":{"total":1,"covered":1,"skipped":0,"pct":100},"statements":{"total":9,"covered":9,"skipped":0,"pct":100},"branches":{"total":0,"covered":0,"skipped":0,"pct":100}}
,"/Users/harshal/projects/code/korangle/frontend/src/app/modules/enquiry/pages/view-all/view-all.component.ts": {"lines":{"total":79,"covered":18,"skipped":0,"pct":22.78},"functions":{"total":24,"covered":1,"skipped":0,"pct":4.17},"statements":{"total":90,"covered":20,"skipped":0,"pct":22.22},"branches":{"total":12,"covered":0,"skipped":0,"pct":0}}
,"/Users/harshal/projects/code/korangle/frontend/src/app/modules/enquiry/pages/view-all/view-all.module.ts": {"lines":{"total":5,"covered":5,"skipped":0,"pct":100},"functions":{"total":1,"covered":1,"skipped":0,"pct":100},"statements":{"total":8,"covered":8,"skipped":0,"pct":100},"branches":{"total":0,"covered":0,"skipped":0,"pct":100}}
,"/Users/harshal/projects/code/korangle/frontend/src/app/modules/enquiry/pages/view-all/view-all.routing.ts": {"lines":{"total":6,"covered":6,"skipped":0,"pct":100},"functions":{"total":1,"covered":1,"skipped":0,"pct":100},"statements":{"total":9,"covered":9,"skipped":0,"pct":100},"branches":{"total":0,"covered":0,"skipped":0,"pct":100}}
,"/Users/harshal/projects/code/korangle/frontend/src/app/modules/enquiry/print/print-enquiry-list/print-enquiry-list.component.ts": {"lines":{"total":38,"covered":9,"skipped":0,"pct":23.68},"functions":{"total":8,"covered":1,"skipped":0,"pct":12.5},"statements":{"total":43,"covered":11,"skipped":0,"pct":25.58},"branches":{"total":6,"covered":0,"skipped":0,"pct":0}}
,"/Users/harshal/projects/code/korangle/frontend/src/app/modules/examination/examination.component.ts": {"lines":{"total":6,"covered":5,"skipped":0,"pct":83.33},"functions":{"total":3,"covered":1,"skipped":0,"pct":33.33},"statements":{"total":8,"covered":7,"skipped":0,"pct":87.5},"branches":{"total":0,"covered":0,"skipped":0,"pct":100}}
,"/Users/harshal/projects/code/korangle/frontend/src/app/modules/examination/examination.module.ts": {"lines":{"total":11,"covered":11,"skipped":0,"pct":100},"functions":{"total":1,"covered":1,"skipped":0,"pct":100},"statements":{"total":14,"covered":14,"skipped":0,"pct":100},"branches":{"total":0,"covered":0,"skipped":0,"pct":100}}
,"/Users/harshal/projects/code/korangle/frontend/src/app/modules/examination/examination.routing.ts": {"lines":{"total":9,"covered":9,"skipped":0,"pct":100},"functions":{"total":1,"covered":1,"skipped":0,"pct":100},"statements":{"total":12,"covered":12,"skipped":0,"pct":100},"branches":{"total":0,"covered":0,"skipped":0,"pct":100}}
,"/Users/harshal/projects/code/korangle/frontend/src/app/modules/examination/pages/create-examination/create-examination.component.ts": {"lines":{"total":18,"covered":15,"skipped":0,"pct":83.33},"functions":{"total":4,"covered":3,"skipped":0,"pct":75},"statements":{"total":20,"covered":17,"skipped":0,"pct":85},"branches":{"total":5,"covered":0,"skipped":0,"pct":0}}
,"/Users/harshal/projects/code/korangle/frontend/src/app/modules/examination/pages/create-examination/create-examination.module.ts": {"lines":{"total":5,"covered":5,"skipped":0,"pct":100},"functions":{"total":1,"covered":1,"skipped":0,"pct":100},"statements":{"total":8,"covered":8,"skipped":0,"pct":100},"branches":{"total":0,"covered":0,"skipped":0,"pct":100}}
,"/Users/harshal/projects/code/korangle/frontend/src/app/modules/examination/pages/create-examination/create-examination.routing.ts": {"lines":{"total":6,"covered":6,"skipped":0,"pct":100},"functions":{"total":1,"covered":1,"skipped":0,"pct":100},"statements":{"total":9,"covered":9,"skipped":0,"pct":100},"branches":{"total":0,"covered":0,"skipped":0,"pct":100}}
,"/Users/harshal/projects/code/korangle/frontend/src/app/modules/examination/pages/create-examination/create-examination.service.adapter.ts": {"lines":{"total":69,"covered":40,"skipped":0,"pct":57.97},"functions":{"total":17,"covered":11,"skipped":0,"pct":64.71},"statements":{"total":73,"covered":43,"skipped":0,"pct":58.9},"branches":{"total":20,"covered":7,"skipped":0,"pct":35}}
,"/Users/harshal/projects/code/korangle/frontend/src/app/modules/examination/pages/create-test/create-test.component.ts": {"lines":{"total":56,"covered":17,"skipped":0,"pct":30.36},"functions":{"total":8,"covered":1,"skipped":0,"pct":12.5},"statements":{"total":60,"covered":19,"skipped":0,"pct":31.67},"branches":{"total":14,"covered":0,"skipped":0,"pct":0}}
,"/Users/harshal/projects/code/korangle/frontend/src/app/modules/examination/pages/create-test/create-test.module.ts": {"lines":{"total":5,"covered":5,"skipped":0,"pct":100},"functions":{"total":1,"covered":1,"skipped":0,"pct":100},"statements":{"total":8,"covered":8,"skipped":0,"pct":100},"branches":{"total":0,"covered":0,"skipped":0,"pct":100}}
,"/Users/harshal/projects/code/korangle/frontend/src/app/modules/examination/pages/create-test/create-test.routing.ts": {"lines":{"total":6,"covered":6,"skipped":0,"pct":100},"functions":{"total":1,"covered":1,"skipped":0,"pct":100},"statements":{"total":9,"covered":9,"skipped":0,"pct":100},"branches":{"total":0,"covered":0,"skipped":0,"pct":100}}
,"/Users/harshal/projects/code/korangle/frontend/src/app/modules/examination/pages/create-test/create-test.service.adapter.ts": {"lines":{"total":212,"covered":24,"skipped":0,"pct":11.32},"functions":{"total":55,"covered":1,"skipped":0,"pct":1.82},"statements":{"total":225,"covered":25,"skipped":0,"pct":11.11},"branches":{"total":57,"covered":0,"skipped":0,"pct":0}}
,"/Users/harshal/projects/code/korangle/frontend/src/app/modules/examination/pages/generate-hall-ticket/generate-hall-ticket.component.ts": {"lines":{"total":43,"covered":19,"skipped":0,"pct":44.19},"functions":{"total":11,"covered":1,"skipped":0,"pct":9.09},"statements":{"total":45,"covered":21,"skipped":0,"pct":46.67},"branches":{"total":0,"covered":0,"skipped":0,"pct":100}}
,"/Users/harshal/projects/code/korangle/frontend/src/app/modules/examination/pages/generate-hall-ticket/generate-hall-ticket.module.ts": {"lines":{"total":5,"covered":5,"skipped":0,"pct":100},"functions":{"total":1,"covered":1,"skipped":0,"pct":100},"statements":{"total":8,"covered":8,"skipped":0,"pct":100},"branches":{"total":0,"covered":0,"skipped":0,"pct":100}}
,"/Users/harshal/projects/code/korangle/frontend/src/app/modules/examination/pages/generate-hall-ticket/generate-hall-ticket.routing.ts": {"lines":{"total":6,"covered":6,"skipped":0,"pct":100},"functions":{"total":1,"covered":1,"skipped":0,"pct":100},"statements":{"total":9,"covered":9,"skipped":0,"pct":100},"branches":{"total":0,"covered":0,"skipped":0,"pct":100}}
,"/Users/harshal/projects/code/korangle/frontend/src/app/modules/examination/pages/generate-hall-ticket/generate-hall-ticket.service.adapter.ts": {"lines":{"total":98,"covered":6,"skipped":0,"pct":6.12},"functions":{"total":26,"covered":1,"skipped":0,"pct":3.85},"statements":{"total":101,"covered":7,"skipped":0,"pct":6.93},"branches":{"total":32,"covered":0,"skipped":0,"pct":0}}
,"/Users/harshal/projects/code/korangle/frontend/src/app/modules/examination/pages/print-marksheet/print-marksheet.component.ts": {"lines":{"total":52,"covered":20,"skipped":0,"pct":38.46},"functions":{"total":9,"covered":1,"skipped":0,"pct":11.11},"statements":{"total":54,"covered":22,"skipped":0,"pct":40.74},"branches":{"total":4,"covered":0,"skipped":0,"pct":0}}
,"/Users/harshal/projects/code/korangle/frontend/src/app/modules/examination/pages/print-marksheet/print-marksheet.module.ts": {"lines":{"total":5,"covered":5,"skipped":0,"pct":100},"functions":{"total":1,"covered":1,"skipped":0,"pct":100},"statements":{"total":8,"covered":8,"skipped":0,"pct":100},"branches":{"total":0,"covered":0,"skipped":0,"pct":100}}
,"/Users/harshal/projects/code/korangle/frontend/src/app/modules/examination/pages/print-marksheet/print-marksheet.routing.ts": {"lines":{"total":6,"covered":6,"skipped":0,"pct":100},"functions":{"total":1,"covered":1,"skipped":0,"pct":100},"statements":{"total":9,"covered":9,"skipped":0,"pct":100},"branches":{"total":0,"covered":0,"skipped":0,"pct":100}}
,"/Users/harshal/projects/code/korangle/frontend/src/app/modules/examination/pages/print-marksheet/print-marksheet.service.adapter.ts": {"lines":{"total":184,"covered":20,"skipped":0,"pct":10.87},"functions":{"total":49,"covered":1,"skipped":0,"pct":2.04},"statements":{"total":190,"covered":21,"skipped":0,"pct":11.05},"branches":{"total":63,"covered":0,"skipped":0,"pct":0}}
,"/Users/harshal/projects/code/korangle/frontend/src/app/modules/examination/pages/update-marks/update-marks.component.ts": {"lines":{"total":43,"covered":16,"skipped":0,"pct":37.21},"functions":{"total":8,"covered":1,"skipped":0,"pct":12.5},"statements":{"total":45,"covered":18,"skipped":0,"pct":40},"branches":{"total":4,"covered":0,"skipped":0,"pct":0}}
,"/Users/harshal/projects/code/korangle/frontend/src/app/modules/examination/pages/update-marks/update-marks.module.ts": {"lines":{"total":5,"covered":5,"skipped":0,"pct":100},"functions":{"total":1,"covered":1,"skipped":0,"pct":100},"statements":{"total":8,"covered":8,"skipped":0,"pct":100},"branches":{"total":0,"covered":0,"skipped":0,"pct":100}}
,"/Users/harshal/projects/code/korangle/frontend/src/app/modules/examination/pages/update-marks/update-marks.routing.ts": {"lines":{"total":6,"covered":6,"skipped":0,"pct":100},"functions":{"total":1,"covered":1,"skipped":0,"pct":100},"statements":{"total":9,"covered":9,"skipped":0,"pct":100},"branches":{"total":0,"covered":0,"skipped":0,"pct":100}}
,"/Users/harshal/projects/code/korangle/frontend/src/app/modules/examination/pages/update-marks/update-marks.service.adapter.ts": {"lines":{"total":165,"covered":17,"skipped":0,"pct":10.3},"functions":{"total":47,"covered":1,"skipped":0,"pct":2.13},"statements":{"total":172,"covered":18,"skipped":0,"pct":10.47},"branches":{"total":59,"covered":0,"skipped":0,"pct":0}}
,"/Users/harshal/projects/code/korangle/frontend/src/app/modules/examination/pages/view-marks/view-marks.component.ts": {"lines":{"total":93,"covered":27,"skipped":0,"pct":29.03},"functions":{"total":27,"covered":1,"skipped":0,"pct":3.7},"statements":{"total":100,"covered":29,"skipped":0,"pct":29},"branches":{"total":15,"covered":0,"skipped":0,"pct":0}}
,"/Users/harshal/projects/code/korangle/frontend/src/app/modules/examination/pages/view-marks/view-marks.module.ts": {"lines":{"total":5,"covered":5,"skipped":0,"pct":100},"functions":{"total":1,"covered":1,"skipped":0,"pct":100},"statements":{"total":8,"covered":8,"skipped":0,"pct":100},"branches":{"total":0,"covered":0,"skipped":0,"pct":100}}
,"/Users/harshal/projects/code/korangle/frontend/src/app/modules/examination/pages/view-marks/view-marks.routing.ts": {"lines":{"total":6,"covered":6,"skipped":0,"pct":100},"functions":{"total":1,"covered":1,"skipped":0,"pct":100},"statements":{"total":9,"covered":9,"skipped":0,"pct":100},"branches":{"total":0,"covered":0,"skipped":0,"pct":100}}
,"/Users/harshal/projects/code/korangle/frontend/src/app/modules/examination/pages/view-marks/view-marks.service.adapter.ts": {"lines":{"total":54,"covered":9,"skipped":0,"pct":16.67},"functions":{"total":18,"covered":1,"skipped":0,"pct":5.56},"statements":{"total":58,"covered":10,"skipped":0,"pct":17.24},"branches":{"total":8,"covered":0,"skipped":0,"pct":0}}
,"/Users/harshal/projects/code/korangle/frontend/src/app/modules/examination/print/print-routes.constants.ts": {"lines":{"total":2,"covered":2,"skipped":0,"pct":100},"functions":{"total":0,"covered":0,"skipped":0,"pct":100},"statements":{"total":2,"covered":2,"skipped":0,"pct":100},"branches":{"total":0,"covered":0,"skipped":0,"pct":100}}
,"/Users/harshal/projects/code/korangle/frontend/src/app/modules/examination/print/print-hall-ticket/print-hall-ticket.component.ts": {"lines":{"total":35,"covered":9,"skipped":0,"pct":25.71},"functions":{"total":6,"covered":1,"skipped":0,"pct":16.67},"statements":{"total":40,"covered":11,"skipped":0,"pct":27.5},"branches":{"total":5,"covered":0,"skipped":0,"pct":0}}
,"/Users/harshal/projects/code/korangle/frontend/src/app/modules/examination/print/print-student-marksheet-list/print-student-marksheet-list.component.ts": {"lines":{"total":248,"covered":35,"skipped":0,"pct":14.11},"functions":{"total":57,"covered":1,"skipped":0,"pct":1.75},"statements":{"total":256,"covered":37,"skipped":0,"pct":14.45},"branches":{"total":100,"covered":0,"skipped":0,"pct":0}}
,"/Users/harshal/projects/code/korangle/frontend/src/app/modules/expenses/expense.component.ts": {"lines":{"total":6,"covered":5,"skipped":0,"pct":83.33},"functions":{"total":3,"covered":1,"skipped":0,"pct":33.33},"statements":{"total":8,"covered":7,"skipped":0,"pct":87.5},"branches":{"total":0,"covered":0,"skipped":0,"pct":100}}
,"/Users/harshal/projects/code/korangle/frontend/src/app/modules/expenses/expense.module.ts": {"lines":{"total":6,"covered":6,"skipped":0,"pct":100},"functions":{"total":1,"covered":1,"skipped":0,"pct":100},"statements":{"total":9,"covered":9,"skipped":0,"pct":100},"branches":{"total":0,"covered":0,"skipped":0,"pct":100}}
,"/Users/harshal/projects/code/korangle/frontend/src/app/modules/expenses/expense.routing.ts": {"lines":{"total":7,"covered":7,"skipped":0,"pct":100},"functions":{"total":1,"covered":1,"skipped":0,"pct":100},"statements":{"total":10,"covered":10,"skipped":0,"pct":100},"branches":{"total":0,"covered":0,"skipped":0,"pct":100}}
,"/Users/harshal/projects/code/korangle/frontend/src/app/modules/expenses/pages/add-expense/add-expense.component.ts": {"lines":{"total":46,"covered":9,"skipped":0,"pct":19.57},"functions":{"total":7,"covered":1,"skipped":0,"pct":14.29},"statements":{"total":52,"covered":11,"skipped":0,"pct":21.15},"branches":{"total":10,"covered":0,"skipped":0,"pct":0}}
,"/Users/harshal/projects/code/korangle/frontend/src/app/modules/expenses/pages/add-expense/add-expense.module.ts": {"lines":{"total":5,"covered":5,"skipped":0,"pct":100},"functions":{"total":1,"covered":1,"skipped":0,"pct":100},"statements":{"total":8,"covered":8,"skipped":0,"pct":100},"branches":{"total":0,"covered":0,"skipped":0,"pct":100}}
,"/Users/harshal/projects/code/korangle/frontend/src/app/modules/expenses/pages/add-expense/add-expense.routing.ts": {"lines":{"total":6,"covered":6,"skipped":0,"pct":100},"functions":{"total":1,"covered":1,"skipped":0,"pct":100},"statements":{"total":9,"covered":9,"skipped":0,"pct":100},"branches":{"total":0,"covered":0,"skipped":0,"pct":100}}
,"/Users/harshal/projects/code/korangle/frontend/src/app/modules/expenses/pages/expense-list/expense-list.component.ts": {"lines":{"total":81,"covered":12,"skipped":0,"pct":14.81},"functions":{"total":11,"covered":1,"skipped":0,"pct":9.09},"statements":{"total":87,"covered":14,"skipped":0,"pct":16.09},"branches":{"total":24,"covered":0,"skipped":0,"pct":0}}
,"/Users/harshal/projects/code/korangle/frontend/src/app/modules/expenses/pages/expense-list/expense-list.module.ts": {"lines":{"total":5,"covered":5,"skipped":0,"pct":100},"functions":{"total":1,"covered":1,"skipped":0,"pct":100},"statements":{"total":8,"covered":8,"skipped":0,"pct":100},"branches":{"total":0,"covered":0,"skipped":0,"pct":100}}
,"/Users/harshal/projects/code/korangle/frontend/src/app/modules/expenses/pages/expense-list/expense-list.routing.ts": {"lines":{"total":6,"covered":6,"skipped":0,"pct":100},"functions":{"total":1,"covered":1,"skipped":0,"pct":100},"statements":{"total":9,"covered":9,"skipped":0,"pct":100},"branches":{"total":0,"covered":0,"skipped":0,"pct":100}}
,"/Users/harshal/projects/code/korangle/frontend/src/app/modules/expenses/print/print-expenses/print-expenses.component.ts": {"lines":{"total":16,"covered":6,"skipped":0,"pct":37.5},"functions":{"total":4,"covered":1,"skipped":0,"pct":25},"statements":{"total":21,"covered":8,"skipped":0,"pct":38.1},"branches":{"total":0,"covered":0,"skipped":0,"pct":100}}
,"/Users/harshal/projects/code/korangle/frontend/src/app/modules/fees/fee.component.ts": {"lines":{"total":6,"covered":5,"skipped":0,"pct":83.33},"functions":{"total":3,"covered":1,"skipped":0,"pct":33.33},"statements":{"total":8,"covered":7,"skipped":0,"pct":87.5},"branches":{"total":0,"covered":0,"skipped":0,"pct":100}}
,"/Users/harshal/projects/code/korangle/frontend/src/app/modules/fees/fee.module.ts": {"lines":{"total":12,"covered":12,"skipped":0,"pct":100},"functions":{"total":1,"covered":1,"skipped":0,"pct":100},"statements":{"total":15,"covered":15,"skipped":0,"pct":100},"branches":{"total":0,"covered":0,"skipped":0,"pct":100}}
,"/Users/harshal/projects/code/korangle/frontend/src/app/modules/fees/fee.routing.ts": {"lines":{"total":10,"covered":10,"skipped":0,"pct":100},"functions":{"total":1,"covered":1,"skipped":0,"pct":100},"statements":{"total":13,"covered":13,"skipped":0,"pct":100},"branches":{"total":0,"covered":0,"skipped":0,"pct":100}}
,"/Users/harshal/projects/code/korangle/frontend/src/app/modules/fees/classes/constants.ts": {"lines":{"total":25,"covered":6,"skipped":0,"pct":24},"functions":{"total":2,"covered":2,"skipped":0,"pct":100},"statements":{"total":27,"covered":8,"skipped":0,"pct":29.63},"branches":{"total":0,"covered":0,"skipped":0,"pct":100}}
,"/Users/harshal/projects/code/korangle/frontend/src/app/modules/fees/components/fees-components.module.ts": {"lines":{"total":5,"covered":5,"skipped":0,"pct":100},"functions":{"total":1,"covered":1,"skipped":0,"pct":100},"statements":{"total":8,"covered":8,"skipped":0,"pct":100},"branches":{"total":0,"covered":0,"skipped":0,"pct":100}}
,"/Users/harshal/projects/code/korangle/frontend/src/app/modules/fees/components/discount-list/discount-list-component.component.ts": {"lines":{"total":43,"covered":24,"skipped":0,"pct":55.81},"functions":{"total":20,"covered":1,"skipped":0,"pct":5},"statements":{"total":48,"covered":26,"skipped":0,"pct":54.17},"branches":{"total":10,"covered":0,"skipped":0,"pct":0}}
,"/Users/harshal/projects/code/korangle/frontend/src/app/modules/fees/components/fee-receipt-list/fee-receipt-list-component.component.ts": {"lines":{"total":56,"covered":30,"skipped":0,"pct":53.57},"functions":{"total":22,"covered":1,"skipped":0,"pct":4.55},"statements":{"total":61,"covered":32,"skipped":0,"pct":52.46},"branches":{"total":14,"covered":0,"skipped":0,"pct":0}}
,"/Users/harshal/projects/code/korangle/frontend/src/app/modules/fees/pages/add-fee-type/add-fee-type.component.ts": {"lines":{"total":20,"covered":9,"skipped":0,"pct":45},"functions":{"total":5,"covered":1,"skipped":0,"pct":20},"statements":{"total":22,"covered":11,"skipped":0,"pct":50},"branches":{"total":5,"covered":0,"skipped":0,"pct":0}}
,"/Users/harshal/projects/code/korangle/frontend/src/app/modules/fees/pages/add-fee-type/add-fee-type.module.ts": {"lines":{"total":5,"covered":5,"skipped":0,"pct":100},"functions":{"total":1,"covered":1,"skipped":0,"pct":100},"statements":{"total":8,"covered":8,"skipped":0,"pct":100},"branches":{"total":0,"covered":0,"skipped":0,"pct":100}}
,"/Users/harshal/projects/code/korangle/frontend/src/app/modules/fees/pages/add-fee-type/add-fee-type.routing.ts": {"lines":{"total":6,"covered":6,"skipped":0,"pct":100},"functions":{"total":1,"covered":1,"skipped":0,"pct":100},"statements":{"total":9,"covered":9,"skipped":0,"pct":100},"branches":{"total":0,"covered":0,"skipped":0,"pct":100}}
,"/Users/harshal/projects/code/korangle/frontend/src/app/modules/fees/pages/add-fee-type/add-fee-type.service.adapter.ts": {"lines":{"total":72,"covered":8,"skipped":0,"pct":11.11},"functions":{"total":18,"covered":1,"skipped":0,"pct":5.56},"statements":{"total":75,"covered":9,"skipped":0,"pct":12},"branches":{"total":26,"covered":0,"skipped":0,"pct":0}}
,"/Users/harshal/projects/code/korangle/frontend/src/app/modules/fees/pages/cancel-discount/cancel-discount.component.ts": {"lines":{"total":49,"covered":17,"skipped":0,"pct":34.69},"functions":{"total":13,"covered":1,"skipped":0,"pct":7.69},"statements":{"total":52,"covered":19,"skipped":0,"pct":36.54},"branches":{"total":18,"covered":0,"skipped":0,"pct":0}}
,"/Users/harshal/projects/code/korangle/frontend/src/app/modules/fees/pages/cancel-discount/cancel-discount.module.ts": {"lines":{"total":5,"covered":5,"skipped":0,"pct":100},"functions":{"total":1,"covered":1,"skipped":0,"pct":100},"statements":{"total":8,"covered":8,"skipped":0,"pct":100},"branches":{"total":0,"covered":0,"skipped":0,"pct":100}}
,"/Users/harshal/projects/code/korangle/frontend/src/app/modules/fees/pages/cancel-discount/cancel-discount.routing.ts": {"lines":{"total":6,"covered":6,"skipped":0,"pct":100},"functions":{"total":1,"covered":1,"skipped":0,"pct":100},"statements":{"total":9,"covered":9,"skipped":0,"pct":100},"branches":{"total":0,"covered":0,"skipped":0,"pct":100}}
,"/Users/harshal/projects/code/korangle/frontend/src/app/modules/fees/pages/cancel-discount/cancel-discount.service.adapter.ts": {"lines":{"total":66,"covered":6,"skipped":0,"pct":9.09},"functions":{"total":29,"covered":1,"skipped":0,"pct":3.45},"statements":{"total":71,"covered":7,"skipped":0,"pct":9.86},"branches":{"total":14,"covered":0,"skipped":0,"pct":0}}
,"/Users/harshal/projects/code/korangle/frontend/src/app/modules/fees/pages/cancel-fee-receipt/cancel-fee-receipt.component.ts": {"lines":{"total":50,"covered":17,"skipped":0,"pct":34},"functions":{"total":13,"covered":1,"skipped":0,"pct":7.69},"statements":{"total":53,"covered":19,"skipped":0,"pct":35.85},"branches":{"total":18,"covered":0,"skipped":0,"pct":0}}
,"/Users/harshal/projects/code/korangle/frontend/src/app/modules/fees/pages/cancel-fee-receipt/cancel-fee-receipt.module.ts": {"lines":{"total":5,"covered":5,"skipped":0,"pct":100},"functions":{"total":1,"covered":1,"skipped":0,"pct":100},"statements":{"total":8,"covered":8,"skipped":0,"pct":100},"branches":{"total":0,"covered":0,"skipped":0,"pct":100}}
,"/Users/harshal/projects/code/korangle/frontend/src/app/modules/fees/pages/cancel-fee-receipt/cancel-fee-receipt.routing.ts": {"lines":{"total":6,"covered":6,"skipped":0,"pct":100},"functions":{"total":1,"covered":1,"skipped":0,"pct":100},"statements":{"total":9,"covered":9,"skipped":0,"pct":100},"branches":{"total":0,"covered":0,"skipped":0,"pct":100}}
,"/Users/harshal/projects/code/korangle/frontend/src/app/modules/fees/pages/cancel-fee-receipt/cancel-fee-receipt.service.adapter.ts": {"lines":{"total":66,"covered":6,"skipped":0,"pct":9.09},"functions":{"total":29,"covered":1,"skipped":0,"pct":3.45},"statements":{"total":71,"covered":7,"skipped":0,"pct":9.86},"branches":{"total":14,"covered":0,"skipped":0,"pct":0}}
,"/Users/harshal/projects/code/korangle/frontend/src/app/modules/fees/pages/collect-fee/collect-fee-service.adapter.ts": {"lines":{"total":83,"covered":11,"skipped":0,"pct":13.25},"functions":{"total":30,"covered":1,"skipped":0,"pct":3.33},"statements":{"total":90,"covered":12,"skipped":0,"pct":13.33},"branches":{"total":8,"covered":0,"skipped":0,"pct":0}}
,"/Users/harshal/projects/code/korangle/frontend/src/app/modules/fees/pages/collect-fee/collect-fee.component.ts": {"lines":{"total":692,"covered":109,"skipped":0,"pct":15.75},"functions":{"total":191,"covered":1,"skipped":0,"pct":0.52},"statements":{"total":770,"covered":111,"skipped":0,"pct":14.42},"branches":{"total":270,"covered":0,"skipped":0,"pct":0}}
,"/Users/harshal/projects/code/korangle/frontend/src/app/modules/fees/pages/collect-fee/collect-fee.module.ts": {"lines":{"total":6,"covered":6,"skipped":0,"pct":100},"functions":{"total":1,"covered":1,"skipped":0,"pct":100},"statements":{"total":9,"covered":9,"skipped":0,"pct":100},"branches":{"total":0,"covered":0,"skipped":0,"pct":100}}
,"/Users/harshal/projects/code/korangle/frontend/src/app/modules/fees/pages/collect-fee/collect-fee.routing.ts": {"lines":{"total":6,"covered":6,"skipped":0,"pct":100},"functions":{"total":1,"covered":1,"skipped":0,"pct":100},"statements":{"total":9,"covered":9,"skipped":0,"pct":100},"branches":{"total":0,"covered":0,"skipped":0,"pct":100}}
,"/Users/harshal/projects/code/korangle/frontend/src/app/modules/fees/pages/generate-fees-certificate/generate-fees-certificate.component.ts": {"lines":{"total":68,"covered":21,"skipped":0,"pct":30.88},"functions":{"total":23,"covered":1,"skipped":0,"pct":4.35},"statements":{"total":75,"covered":23,"skipped":0,"pct":30.67},"branches":{"total":8,"covered":0,"skipped":0,"pct":0}}
,"/Users/harshal/projects/code/korangle/frontend/src/app/modules/fees/pages/generate-fees-certificate/generate-fees-certificate.module.ts": {"lines":{"total":5,"covered":5,"skipped":0,"pct":100},"functions":{"total":1,"covered":1,"skipped":0,"pct":100},"statements":{"total":8,"covered":8,"skipped":0,"pct":100},"branches":{"total":0,"covered":0,"skipped":0,"pct":100}}
,"/Users/harshal/projects/code/korangle/frontend/src/app/modules/fees/pages/generate-fees-certificate/generate-fees-certificate.routing.ts": {"lines":{"total":6,"covered":6,"skipped":0,"pct":100},"functions":{"total":1,"covered":1,"skipped":0,"pct":100},"statements":{"total":9,"covered":9,"skipped":0,"pct":100},"branches":{"total":0,"covered":0,"skipped":0,"pct":100}}
,"/Users/harshal/projects/code/korangle/frontend/src/app/modules/fees/pages/generate-fees-certificate/generate-fees-certificate.service.adapter.ts": {"lines":{"total":24,"covered":5,"skipped":0,"pct":20.83},"functions":{"total":10,"covered":1,"skipped":0,"pct":10},"statements":{"total":28,"covered":6,"skipped":0,"pct":21.43},"branches":{"total":0,"covered":0,"skipped":0,"pct":100}}
,"/Users/harshal/projects/code/korangle/frontend/src/app/modules/fees/pages/generate-fees-report/generate-fees-report.component.ts": {"lines":{"total":184,"covered":27,"skipped":0,"pct":14.67},"functions":{"total":65,"covered":1,"skipped":0,"pct":1.54},"statements":{"total":194,"covered":29,"skipped":0,"pct":14.95},"branches":{"total":127,"covered":0,"skipped":0,"pct":0}}
,"/Users/harshal/projects/code/korangle/frontend/src/app/modules/fees/pages/generate-fees-report/generate-fees-report.module.ts": {"lines":{"total":5,"covered":5,"skipped":0,"pct":100},"functions":{"total":1,"covered":1,"skipped":0,"pct":100},"statements":{"total":8,"covered":8,"skipped":0,"pct":100},"branches":{"total":0,"covered":0,"skipped":0,"pct":100}}
,"/Users/harshal/projects/code/korangle/frontend/src/app/modules/fees/pages/generate-fees-report/generate-fees-report.routing.ts": {"lines":{"total":6,"covered":6,"skipped":0,"pct":100},"functions":{"total":1,"covered":1,"skipped":0,"pct":100},"statements":{"total":9,"covered":9,"skipped":0,"pct":100},"branches":{"total":0,"covered":0,"skipped":0,"pct":100}}
,"/Users/harshal/projects/code/korangle/frontend/src/app/modules/fees/pages/generate-fees-report/generate-fees-report.service.adapter.ts": {"lines":{"total":34,"covered":4,"skipped":0,"pct":11.76},"functions":{"total":12,"covered":1,"skipped":0,"pct":8.33},"statements":{"total":37,"covered":5,"skipped":0,"pct":13.51},"branches":{"total":2,"covered":0,"skipped":0,"pct":0}}
,"/Users/harshal/projects/code/korangle/frontend/src/app/modules/fees/pages/give-discount/give-discount-service.adapter.ts": {"lines":{"total":79,"covered":11,"skipped":0,"pct":13.92},"functions":{"total":29,"covered":1,"skipped":0,"pct":3.45},"statements":{"total":85,"covered":12,"skipped":0,"pct":14.12},"branches":{"total":6,"covered":0,"skipped":0,"pct":0}}
,"/Users/harshal/projects/code/korangle/frontend/src/app/modules/fees/pages/give-discount/give-discount.component.ts": {"lines":{"total":669,"covered":104,"skipped":0,"pct":15.55},"functions":{"total":186,"covered":1,"skipped":0,"pct":0.54},"statements":{"total":745,"covered":106,"skipped":0,"pct":14.23},"branches":{"total":268,"covered":0,"skipped":0,"pct":0}}
,"/Users/harshal/projects/code/korangle/frontend/src/app/modules/fees/pages/give-discount/give-discount.module.ts": {"lines":{"total":6,"covered":6,"skipped":0,"pct":100},"functions":{"total":1,"covered":1,"skipped":0,"pct":100},"statements":{"total":9,"covered":9,"skipped":0,"pct":100},"branches":{"total":0,"covered":0,"skipped":0,"pct":100}}
,"/Users/harshal/projects/code/korangle/frontend/src/app/modules/fees/pages/give-discount/give-discount.routing.ts": {"lines":{"total":6,"covered":6,"skipped":0,"pct":100},"functions":{"total":1,"covered":1,"skipped":0,"pct":100},"statements":{"total":9,"covered":9,"skipped":0,"pct":100},"branches":{"total":0,"covered":0,"skipped":0,"pct":100}}
,"/Users/harshal/projects/code/korangle/frontend/src/app/modules/fees/pages/lock-fees/lock-fees.component.ts": {"lines":{"total":23,"covered":10,"skipped":0,"pct":43.48},"functions":{"total":6,"covered":1,"skipped":0,"pct":16.67},"statements":{"total":25,"covered":12,"skipped":0,"pct":48},"branches":{"total":0,"covered":0,"skipped":0,"pct":100}}
,"/Users/harshal/projects/code/korangle/frontend/src/app/modules/fees/pages/lock-fees/lock-fees.module.ts": {"lines":{"total":5,"covered":5,"skipped":0,"pct":100},"functions":{"total":1,"covered":1,"skipped":0,"pct":100},"statements":{"total":8,"covered":8,"skipped":0,"pct":100},"branches":{"total":0,"covered":0,"skipped":0,"pct":100}}
,"/Users/harshal/projects/code/korangle/frontend/src/app/modules/fees/pages/lock-fees/lock-fees.routing.ts": {"lines":{"total":6,"covered":6,"skipped":0,"pct":100},"functions":{"total":1,"covered":1,"skipped":0,"pct":100},"statements":{"total":9,"covered":9,"skipped":0,"pct":100},"branches":{"total":0,"covered":0,"skipped":0,"pct":100}}
,"/Users/harshal/projects/code/korangle/frontend/src/app/modules/fees/pages/lock-fees/lock-fees.service.adapter.ts": {"lines":{"total":32,"covered":6,"skipped":0,"pct":18.75},"functions":{"total":13,"covered":1,"skipped":0,"pct":7.69},"statements":{"total":36,"covered":7,"skipped":0,"pct":19.44},"branches":{"total":4,"covered":0,"skipped":0,"pct":0}}
,"/Users/harshal/projects/code/korangle/frontend/src/app/modules/fees/pages/my-collection/my-collection.component.ts": {"lines":{"total":62,"covered":19,"skipped":0,"pct":30.65},"functions":{"total":17,"covered":1,"skipped":0,"pct":5.88},"statements":{"total":69,"covered":21,"skipped":0,"pct":30.43},"branches":{"total":8,"covered":0,"skipped":0,"pct":0}}
,"/Users/harshal/projects/code/korangle/frontend/src/app/modules/fees/pages/my-collection/my-collection.module.ts": {"lines":{"total":6,"covered":6,"skipped":0,"pct":100},"functions":{"total":1,"covered":1,"skipped":0,"pct":100},"statements":{"total":9,"covered":9,"skipped":0,"pct":100},"branches":{"total":0,"covered":0,"skipped":0,"pct":100}}
,"/Users/harshal/projects/code/korangle/frontend/src/app/modules/fees/pages/my-collection/my-collection.routing.ts": {"lines":{"total":6,"covered":6,"skipped":0,"pct":100},"functions":{"total":1,"covered":1,"skipped":0,"pct":100},"statements":{"total":9,"covered":9,"skipped":0,"pct":100},"branches":{"total":0,"covered":0,"skipped":0,"pct":100}}
,"/Users/harshal/projects/code/korangle/frontend/src/app/modules/fees/pages/my-collection/my-collection.service.adapter.ts": {"lines":{"total":49,"covered":5,"skipped":0,"pct":10.2},"functions":{"total":23,"covered":1,"skipped":0,"pct":4.35},"statements":{"total":54,"covered":6,"skipped":0,"pct":11.11},"branches":{"total":10,"covered":0,"skipped":0,"pct":0}}
,"/Users/harshal/projects/code/korangle/frontend/src/app/modules/fees/pages/set-school-fees/set-school-fees.component.ts": {"lines":{"total":173,"covered":39,"skipped":0,"pct":22.54},"functions":{"total":54,"covered":1,"skipped":0,"pct":1.85},"statements":{"total":181,"covered":41,"skipped":0,"pct":22.65},"branches":{"total":65,"covered":0,"skipped":0,"pct":0}}
,"/Users/harshal/projects/code/korangle/frontend/src/app/modules/fees/pages/set-school-fees/set-school-fees.module.ts": {"lines":{"total":5,"covered":5,"skipped":0,"pct":100},"functions":{"total":1,"covered":1,"skipped":0,"pct":100},"statements":{"total":8,"covered":8,"skipped":0,"pct":100},"branches":{"total":0,"covered":0,"skipped":0,"pct":100}}
,"/Users/harshal/projects/code/korangle/frontend/src/app/modules/fees/pages/set-school-fees/set-school-fees.routing.ts": {"lines":{"total":6,"covered":6,"skipped":0,"pct":100},"functions":{"total":1,"covered":1,"skipped":0,"pct":100},"statements":{"total":9,"covered":9,"skipped":0,"pct":100},"branches":{"total":0,"covered":0,"skipped":0,"pct":100}}
,"/Users/harshal/projects/code/korangle/frontend/src/app/modules/fees/pages/set-school-fees/set-school-fees.service.adapter.ts": {"lines":{"total":131,"covered":16,"skipped":0,"pct":12.21},"functions":{"total":40,"covered":1,"skipped":0,"pct":2.5},"statements":{"total":136,"covered":17,"skipped":0,"pct":12.5},"branches":{"total":16,"covered":0,"skipped":0,"pct":0}}
,"/Users/harshal/projects/code/korangle/frontend/src/app/modules/fees/pages/total-collection/total-collection.component.ts": {"lines":{"total":102,"covered":24,"skipped":0,"pct":23.53},"functions":{"total":27,"covered":1,"skipped":0,"pct":3.7},"statements":{"total":109,"covered":26,"skipped":0,"pct":23.85},"branches":{"total":24,"covered":0,"skipped":0,"pct":0}}
,"/Users/harshal/projects/code/korangle/frontend/src/app/modules/fees/pages/total-collection/total-collection.module.ts": {"lines":{"total":6,"covered":6,"skipped":0,"pct":100},"functions":{"total":1,"covered":1,"skipped":0,"pct":100},"statements":{"total":9,"covered":9,"skipped":0,"pct":100},"branches":{"total":0,"covered":0,"skipped":0,"pct":100}}
,"/Users/harshal/projects/code/korangle/frontend/src/app/modules/fees/pages/total-collection/total-collection.routing.ts": {"lines":{"total":6,"covered":6,"skipped":0,"pct":100},"functions":{"total":1,"covered":1,"skipped":0,"pct":100},"statements":{"total":9,"covered":9,"skipped":0,"pct":100},"branches":{"total":0,"covered":0,"skipped":0,"pct":100}}
,"/Users/harshal/projects/code/korangle/frontend/src/app/modules/fees/pages/total-collection/total-collection.service.adapter.ts": {"lines":{"total":68,"covered":6,"skipped":0,"pct":8.82},"functions":{"total":35,"covered":1,"skipped":0,"pct":2.86},"statements":{"total":78,"covered":7,"skipped":0,"pct":8.97},"branches":{"total":14,"covered":0,"skipped":0,"pct":0}}
,"/Users/harshal/projects/code/korangle/frontend/src/app/modules/fees/pages/total-discount/total-discount.component.ts": {"lines":{"total":64,"covered":18,"skipped":0,"pct":28.13},"functions":{"total":17,"covered":1,"skipped":0,"pct":5.88},"statements":{"total":70,"covered":20,"skipped":0,"pct":28.57},"branches":{"total":8,"covered":0,"skipped":0,"pct":0}}
,"/Users/harshal/projects/code/korangle/frontend/src/app/modules/fees/pages/total-discount/total-discount.module.ts": {"lines":{"total":6,"covered":6,"skipped":0,"pct":100},"functions":{"total":1,"covered":1,"skipped":0,"pct":100},"statements":{"total":9,"covered":9,"skipped":0,"pct":100},"branches":{"total":0,"covered":0,"skipped":0,"pct":100}}
,"/Users/harshal/projects/code/korangle/frontend/src/app/modules/fees/pages/total-discount/total-discount.routing.ts": {"lines":{"total":6,"covered":6,"skipped":0,"pct":100},"functions":{"total":1,"covered":1,"skipped":0,"pct":100},"statements":{"total":9,"covered":9,"skipped":0,"pct":100},"branches":{"total":0,"covered":0,"skipped":0,"pct":100}}
,"/Users/harshal/projects/code/korangle/frontend/src/app/modules/fees/pages/total-discount/total-discount.service.adapter.ts": {"lines":{"total":50,"covered":5,"skipped":0,"pct":10},"functions":{"total":23,"covered":1,"skipped":0,"pct":4.35},"statements":{"total":55,"covered":6,"skipped":0,"pct":10.91},"branches":{"total":10,"covered":0,"skipped":0,"pct":0}}
,"/Users/harshal/projects/code/korangle/frontend/src/app/modules/fees/pages/update-student-fees/update-student-fees.component.ts": {"lines":{"total":128,"covered":28,"skipped":0,"pct":21.88},"functions":{"total":45,"covered":1,"skipped":0,"pct":2.22},"statements":{"total":134,"covered":30,"skipped":0,"pct":22.39},"branches":{"total":51,"covered":0,"skipped":0,"pct":0}}
,"/Users/harshal/projects/code/korangle/frontend/src/app/modules/fees/pages/update-student-fees/update-student-fees.module.ts": {"lines":{"total":5,"covered":5,"skipped":0,"pct":100},"functions":{"total":1,"covered":1,"skipped":0,"pct":100},"statements":{"total":8,"covered":8,"skipped":0,"pct":100},"branches":{"total":0,"covered":0,"skipped":0,"pct":100}}
,"/Users/harshal/projects/code/korangle/frontend/src/app/modules/fees/pages/update-student-fees/update-student-fees.routing.ts": {"lines":{"total":6,"covered":6,"skipped":0,"pct":100},"functions":{"total":1,"covered":1,"skipped":0,"pct":100},"statements":{"total":9,"covered":9,"skipped":0,"pct":100},"branches":{"total":0,"covered":0,"skipped":0,"pct":100}}
,"/Users/harshal/projects/code/korangle/frontend/src/app/modules/fees/pages/update-student-fees/update-student-fees.service.adapter.ts": {"lines":{"total":70,"covered":9,"skipped":0,"pct":12.86},"functions":{"total":21,"covered":1,"skipped":0,"pct":4.76},"statements":{"total":77,"covered":10,"skipped":0,"pct":12.99},"branches":{"total":2,"covered":0,"skipped":0,"pct":0}}
,"/Users/harshal/projects/code/korangle/frontend/src/app/modules/fees/pages/view-defaulters/view-defaulters.component.ts": {"lines":{"total":374,"covered":38,"skipped":0,"pct":10.16},"functions":{"total":108,"covered":1,"skipped":0,"pct":0.93},"statements":{"total":395,"covered":40,"skipped":0,"pct":10.13},"branches":{"total":209,"covered":0,"skipped":0,"pct":0}}
,"/Users/harshal/projects/code/korangle/frontend/src/app/modules/fees/pages/view-defaulters/view-defaulters.module.ts": {"lines":{"total":5,"covered":5,"skipped":0,"pct":100},"functions":{"total":1,"covered":1,"skipped":0,"pct":100},"statements":{"total":8,"covered":8,"skipped":0,"pct":100},"branches":{"total":0,"covered":0,"skipped":0,"pct":100}}
,"/Users/harshal/projects/code/korangle/frontend/src/app/modules/fees/pages/view-defaulters/view-defaulters.routing.ts": {"lines":{"total":6,"covered":6,"skipped":0,"pct":100},"functions":{"total":1,"covered":1,"skipped":0,"pct":100},"statements":{"total":9,"covered":9,"skipped":0,"pct":100},"branches":{"total":0,"covered":0,"skipped":0,"pct":100}}
,"/Users/harshal/projects/code/korangle/frontend/src/app/modules/fees/pages/view-defaulters/view-defaulters.service.adapter.ts": {"lines":{"total":114,"covered":4,"skipped":0,"pct":3.51},"functions":{"total":32,"covered":1,"skipped":0,"pct":3.13},"statements":{"total":119,"covered":5,"skipped":0,"pct":4.2},"branches":{"total":23,"covered":0,"skipped":0,"pct":0}}
,"/Users/harshal/projects/code/korangle/frontend/src/app/modules/fees/print/print-routes.constants.ts": {"lines":{"total":3,"covered":3,"skipped":0,"pct":100},"functions":{"total":0,"covered":0,"skipped":0,"pct":100},"statements":{"total":3,"covered":3,"skipped":0,"pct":100},"branches":{"total":0,"covered":0,"skipped":0,"pct":100}}
,"/Users/harshal/projects/code/korangle/frontend/src/app/modules/fees/print/print-fee-receipt-list/print-fee-receipt-list.component.ts": {"lines":{"total":31,"covered":10,"skipped":0,"pct":32.26},"functions":{"total":10,"covered":1,"skipped":0,"pct":10},"statements":{"total":38,"covered":12,"skipped":0,"pct":31.58},"branches":{"total":6,"covered":0,"skipped":0,"pct":0}}
,"/Users/harshal/projects/code/korangle/frontend/src/app/modules/fees/print/print-fees-certificate/print-fees-certificate.component.ts": {"lines":{"total":70,"covered":16,"skipped":0,"pct":22.86},"functions":{"total":25,"covered":1,"skipped":0,"pct":4},"statements":{"total":80,"covered":18,"skipped":0,"pct":22.5},"branches":{"total":8,"covered":0,"skipped":0,"pct":0}}
,"/Users/harshal/projects/code/korangle/frontend/src/app/modules/fees/print/print-full-fee-receipt-list/print-full-fee-receipt-list.component.ts": {"lines":{"total":74,"covered":17,"skipped":0,"pct":22.97},"functions":{"total":27,"covered":1,"skipped":0,"pct":3.7},"statements":{"total":83,"covered":19,"skipped":0,"pct":22.89},"branches":{"total":31,"covered":0,"skipped":0,"pct":0}}
,"/Users/harshal/projects/code/korangle/frontend/src/app/modules/job/job.component.ts": {"lines":{"total":6,"covered":5,"skipped":0,"pct":83.33},"functions":{"total":3,"covered":1,"skipped":0,"pct":33.33},"statements":{"total":8,"covered":7,"skipped":0,"pct":87.5},"branches":{"total":0,"covered":0,"skipped":0,"pct":100}}
,"/Users/harshal/projects/code/korangle/frontend/src/app/modules/job/job.module.ts": {"lines":{"total":5,"covered":5,"skipped":0,"pct":100},"functions":{"total":1,"covered":1,"skipped":0,"pct":100},"statements":{"total":8,"covered":8,"skipped":0,"pct":100},"branches":{"total":0,"covered":0,"skipped":0,"pct":100}}
,"/Users/harshal/projects/code/korangle/frontend/src/app/modules/job/job.routing.ts": {"lines":{"total":6,"covered":6,"skipped":0,"pct":100},"functions":{"total":1,"covered":1,"skipped":0,"pct":100},"statements":{"total":9,"covered":9,"skipped":0,"pct":100},"branches":{"total":0,"covered":0,"skipped":0,"pct":100}}
,"/Users/harshal/projects/code/korangle/frontend/src/app/modules/job/pages/apply-leave/apply-leave.component.ts": {"lines":{"total":170,"covered":27,"skipped":0,"pct":15.88},"functions":{"total":38,"covered":1,"skipped":0,"pct":2.63},"statements":{"total":185,"covered":29,"skipped":0,"pct":15.68},"branches":{"total":44,"covered":0,"skipped":0,"pct":0}}
,"/Users/harshal/projects/code/korangle/frontend/src/app/modules/job/pages/apply-leave/apply-leave.module.ts": {"lines":{"total":5,"covered":5,"skipped":0,"pct":100},"functions":{"total":1,"covered":1,"skipped":0,"pct":100},"statements":{"total":8,"covered":8,"skipped":0,"pct":100},"branches":{"total":0,"covered":0,"skipped":0,"pct":100}}
,"/Users/harshal/projects/code/korangle/frontend/src/app/modules/job/pages/apply-leave/apply-leave.routing.ts": {"lines":{"total":6,"covered":6,"skipped":0,"pct":100},"functions":{"total":1,"covered":1,"skipped":0,"pct":100},"statements":{"total":9,"covered":9,"skipped":0,"pct":100},"branches":{"total":0,"covered":0,"skipped":0,"pct":100}}
[...]
,"/Users/harshal/projects/code/korangle/frontend/src/app/services/version-check.service.ts": {"lines":{"total":22,"covered":7,"skipped":0,"pct":31.82},"functions":{"total":8,"covered":1,"skipped":0,"pct":12.5},"statements":{"total":27,"covered":9,"skipped":0,"pct":33.33},"branches":{"total":8,"covered":0,"skipped":0,"pct":0}}
,"/Users/harshal/projects/code/korangle/frontend/src/app/services/common/rest-api-gateway.ts": {"lines":{"total":79,"covered":19,"skipped":0,"pct":24.05},"functions":{"total":32,"covered":1,"skipped":0,"pct":3.13},"statements":{"total":91,"covered":21,"skipped":0,"pct":23.08},"branches":{"total":8,"covered":0,"skipped":0,"pct":0}}
,"/Users/harshal/projects/code/korangle/frontend/src/app/services/common/service-object.ts": {"lines":{"total":69,"covered":14,"skipped":0,"pct":20.29},"functions":{"total":14,"covered":1,"skipped":0,"pct":7.14},"statements":{"total":72,"covered":17,"skipped":0,"pct":23.61},"branches":{"total":35,"covered":0,"skipped":0,"pct":0}}
,"/Users/harshal/projects/code/korangle/frontend/src/app/services/modules/attendance/attendance-old.service.ts": {"lines":{"total":40,"covered":16,"skipped":0,"pct":40},"functions":{"total":13,"covered":1,"skipped":0,"pct":7.69},"statements":{"total":43,"covered":19,"skipped":0,"pct":44.19},"branches":{"total":0,"covered":0,"skipped":0,"pct":100}}
,"/Users/harshal/projects/code/korangle/frontend/src/app/services/modules/attendance/attendance.service.ts": {"lines":{"total":10,"covered":4,"skipped":0,"pct":40},"functions":{"total":2,"covered":1,"skipped":0,"pct":50},"statements":{"total":13,"covered":7,"skipped":0,"pct":53.85},"branches":{"total":3,"covered":0,"skipped":0,"pct":0}}
,"/Users/harshal/projects/code/korangle/frontend/src/app/services/modules/class/class-old.service.ts": {"lines":{"total":19,"covered":8,"skipped":0,"pct":42.11},"functions":{"total":6,"covered":1,"skipped":0,"pct":16.67},"statements":{"total":22,"covered":11,"skipped":0,"pct":50},"branches":{"total":4,"covered":0,"skipped":0,"pct":0}}
,"/Users/harshal/projects/code/korangle/frontend/src/app/services/modules/class/class.service.ts": {"lines":{"total":16,"covered":7,"skipped":0,"pct":43.75},"functions":{"total":2,"covered":1,"skipped":0,"pct":50},"statements":{"total":19,"covered":10,"skipped":0,"pct":52.63},"branches":{"total":2,"covered":0,"skipped":0,"pct":0}}
,"/Users/harshal/projects/code/korangle/frontend/src/app/services/modules/class/models/classs.ts": {"lines":{"total":6,"covered":3,"skipped":0,"pct":50},"functions":{"total":1,"covered":1,"skipped":0,"pct":100},"statements":{"total":7,"covered":4,"skipped":0,"pct":57.14},"branches":{"total":0,"covered":0,"skipped":0,"pct":100}}
,"/Users/harshal/projects/code/korangle/frontend/src/app/services/modules/class/models/division.ts": {"lines":{"total":6,"covered":3,"skipped":0,"pct":50},"functions":{"total":1,"covered":1,"skipped":0,"pct":100},"statements":{"total":7,"covered":4,"skipped":0,"pct":57.14},"branches":{"total":0,"covered":0,"skipped":0,"pct":100}}
,"/Users/harshal/projects/code/korangle/frontend/src/app/services/modules/employee/employee-old.service.ts": {"lines":{"total":46,"covered":18,"skipped":0,"pct":39.13},"functions":{"total":15,"covered":1,"skipped":0,"pct":6.67},"statements":{"total":49,"covered":21,"skipped":0,"pct":42.86},"branches":{"total":0,"covered":0,"skipped":0,"pct":100}}
,"/Users/harshal/projects/code/korangle/frontend/src/app/services/modules/employee/employee.service.ts": {"lines":{"total":8,"covered":4,"skipped":0,"pct":50},"functions":{"total":2,"covered":1,"skipped":0,"pct":50},"statements":{"total":11,"covered":7,"skipped":0,"pct":63.64},"branches":{"total":3,"covered":0,"skipped":0,"pct":0}}
,"/Users/harshal/projects/code/korangle/frontend/src/app/services/modules/enquiry/enquiry-old.service.ts": {"lines":{"total":22,"covered":10,"skipped":0,"pct":45.45},"functions":{"total":7,"covered":1,"skipped":0,"pct":14.29},"statements":{"total":25,"covered":13,"skipped":0,"pct":52},"branches":{"total":0,"covered":0,"skipped":0,"pct":100}}
,"/Users/harshal/projects/code/korangle/frontend/src/app/services/modules/examination/examination-old.service.ts": {"lines":{"total":62,"covered":24,"skipped":0,"pct":38.71},"functions":{"total":26,"covered":1,"skipped":0,"pct":3.85},"statements":{"total":65,"covered":27,"skipped":0,"pct":41.54},"branches":{"total":2,"covered":0,"skipped":0,"pct":0}}
,"/Users/harshal/projects/code/korangle/frontend/src/app/services/modules/examination/examination.service.ts": {"lines":{"total":11,"covered":4,"skipped":0,"pct":36.36},"functions":{"total":2,"covered":1,"skipped":0,"pct":50},"statements":{"total":14,"covered":7,"skipped":0,"pct":50},"branches":{"total":3,"covered":0,"skipped":0,"pct":0}}
,"/Users/harshal/projects/code/korangle/frontend/src/app/services/modules/examination/models/student-test.ts": {"lines":{"total":8,"covered":2,"skipped":0,"pct":25},"functions":{"total":1,"covered":1,"skipped":0,"pct":100},"statements":{"total":9,"covered":3,"skipped":0,"pct":33.33},"branches":{"total":0,"covered":0,"skipped":0,"pct":100}}
,"/Users/harshal/projects/code/korangle/frontend/src/app/services/modules/expense/expense-old.service.ts": {"lines":{"total":11,"covered":6,"skipped":0,"pct":54.55},"functions":{"total":4,"covered":1,"skipped":0,"pct":25},"statements":{"total":14,"covered":9,"skipped":0,"pct":64.29},"branches":{"total":3,"covered":0,"skipped":0,"pct":0}}
,"/Users/harshal/projects/code/korangle/frontend/src/app/services/modules/fees/fee.service.ts": {"lines":{"total":47,"covered":14,"skipped":0,"pct":29.79},"functions":{"total":12,"covered":1,"skipped":0,"pct":8.33},"statements":{"total":50,"covered":17,"skipped":0,"pct":34},"branches":{"total":3,"covered":0,"skipped":0,"pct":0}}
,"/Users/harshal/projects/code/korangle/frontend/src/app/services/modules/fees/models/bus-stop-filter-fee.ts": {"lines":{"total":5,"covered":2,"skipped":0,"pct":40},"functions":{"total":1,"covered":1,"skipped":0,"pct":100},"statements":{"total":6,"covered":3,"skipped":0,"pct":50},"branches":{"total":0,"covered":0,"skipped":0,"pct":100}}
,"/Users/harshal/projects/code/korangle/frontend/src/app/services/modules/fees/models/class-filter-fee.ts": {"lines":{"total":6,"covered":2,"skipped":0,"pct":33.33},"functions":{"total":1,"covered":1,"skipped":0,"pct":100},"statements":{"total":7,"covered":3,"skipped":0,"pct":42.86},"branches":{"total":0,"covered":0,"skipped":0,"pct":100}}
,"/Users/harshal/projects/code/korangle/frontend/src/app/services/modules/fees/models/discount.ts": {"lines":{"total":11,"covered":2,"skipped":0,"pct":18.18},"functions":{"total":1,"covered":1,"skipped":0,"pct":100},"statements":{"total":12,"covered":3,"skipped":0,"pct":25},"branches":{"total":0,"covered":0,"skipped":0,"pct":100}}
,"/Users/harshal/projects/code/korangle/frontend/src/app/services/modules/fees/models/fee-receipt.ts": {"lines":{"total":13,"covered":2,"skipped":0,"pct":15.38},"functions":{"total":1,"covered":1,"skipped":0,"pct":100},"statements":{"total":14,"covered":3,"skipped":0,"pct":21.43},"branches":{"total":0,"covered":0,"skipped":0,"pct":100}}
,"/Users/harshal/projects/code/korangle/frontend/src/app/services/modules/fees/models/school-fee-rule.ts": {"lines":{"total":60,"covered":2,"skipped":0,"pct":3.33},"functions":{"total":1,"covered":1,"skipped":0,"pct":100},"statements":{"total":61,"covered":3,"skipped":0,"pct":4.92},"branches":{"total":0,"covered":0,"skipped":0,"pct":100}}
,"/Users/harshal/projects/code/korangle/frontend/src/app/services/modules/fees/models/student-fee.ts": {"lines":{"total":69,"covered":2,"skipped":0,"pct":2.9},"functions":{"total":1,"covered":1,"skipped":0,"pct":100},"statements":{"total":70,"covered":3,"skipped":0,"pct":4.29},"branches":{"total":0,"covered":0,"skipped":0,"pct":100}}
,"/Users/harshal/projects/code/korangle/frontend/src/app/services/modules/fees/models/sub-discount.ts": {"lines":{"total":32,"covered":2,"skipped":0,"pct":6.25},"functions":{"total":1,"covered":1,"skipped":0,"pct":100},"statements":{"total":33,"covered":3,"skipped":0,"pct":9.09},"branches":{"total":0,"covered":0,"skipped":0,"pct":100}}
,"/Users/harshal/projects/code/korangle/frontend/src/app/services/modules/fees/models/sub-fee-receipt.ts": {"lines":{"total":32,"covered":2,"skipped":0,"pct":6.25},"functions":{"total":1,"covered":1,"skipped":0,"pct":100},"statements":{"total":33,"covered":3,"skipped":0,"pct":9.09},"branches":{"total":0,"covered":0,"skipped":0,"pct":100}}
,"/Users/harshal/projects/code/korangle/frontend/src/app/services/modules/information/information.service.ts": {"lines":{"total":7,"covered":4,"skipped":0,"pct":57.14},"functions":{"total":2,"covered":1,"skipped":0,"pct":50},"statements":{"total":10,"covered":7,"skipped":0,"pct":70},"branches":{"total":3,"covered":0,"skipped":0,"pct":0}}
,"/Users/harshal/projects/code/korangle/frontend/src/app/services/modules/notification/notification.service.ts": {"lines":{"total":8,"covered":4,"skipped":0,"pct":50},"functions":{"total":2,"covered":1,"skipped":0,"pct":50},"statements":{"total":11,"covered":7,"skipped":0,"pct":63.64},"branches":{"total":3,"covered":0,"skipped":0,"pct":0}}
,"/Users/harshal/projects/code/korangle/frontend/src/app/services/modules/report-card/report-card.service.ts": {"lines":{"total":6,"covered":4,"skipped":0,"pct":66.67},"functions":{"total":2,"covered":1,"skipped":0,"pct":50},"statements":{"total":9,"covered":7,"skipped":0,"pct":77.78},"branches":{"total":3,"covered":0,"skipped":0,"pct":0}}
,"/Users/harshal/projects/code/korangle/frontend/src/app/services/modules/report-card/cbse/constants.ts": {"lines":{"total":1,"covered":1,"skipped":0,"pct":100},"functions":{"total":0,"covered":0,"skipped":0,"pct":100},"statements":{"total":1,"covered":1,"skipped":0,"pct":100},"branches":{"total":0,"covered":0,"skipped":0,"pct":100}}
,"/Users/harshal/projects/code/korangle/frontend/src/app/services/modules/report-card/cbse/report-card-cbse.service.ts": {"lines":{"total":17,"covered":7,"skipped":0,"pct":41.18},"functions":{"total":2,"covered":1,"skipped":0,"pct":50},"statements":{"total":20,"covered":10,"skipped":0,"pct":50},"branches":{"total":2,"covered":0,"skipped":0,"pct":0}}
,"/Users/harshal/projects/code/korangle/frontend/src/app/services/modules/report-card/cbse/models/extra-field.ts": {"lines":{"total":6,"covered":3,"skipped":0,"pct":50},"functions":{"total":1,"covered":1,"skipped":0,"pct":100},"statements":{"total":7,"covered":4,"skipped":0,"pct":57.14},"branches":{"total":0,"covered":0,"skipped":0,"pct":100}}
,"/Users/harshal/projects/code/korangle/frontend/src/app/services/modules/report-card/cbse/models/term.ts": {"lines":{"total":5,"covered":3,"skipped":0,"pct":60},"functions":{"total":1,"covered":1,"skipped":0,"pct":100},"statements":{"total":6,"covered":4,"skipped":0,"pct":66.67},"branches":{"total":0,"covered":0,"skipped":0,"pct":100}}
,"/Users/harshal/projects/code/korangle/frontend/src/app/services/modules/report-card/mp-board/report-card-mp-board.service.ts": {"lines":{"total":18,"covered":7,"skipped":0,"pct":38.89},"functions":{"total":2,"covered":1,"skipped":0,"pct":50},"statements":{"total":21,"covered":10,"skipped":0,"pct":47.62},"branches":{"total":2,"covered":0,"skipped":0,"pct":0}}
,"/Users/harshal/projects/code/korangle/frontend/src/app/services/modules/report-card/mp-board/models/extra-field.ts": {"lines":{"total":5,"covered":3,"skipped":0,"pct":60},"functions":{"total":1,"covered":1,"skipped":0,"pct":100},"statements":{"total":6,"covered":4,"skipped":0,"pct":66.67},"branches":{"total":0,"covered":0,"skipped":0,"pct":100}}
,"/Users/harshal/projects/code/korangle/frontend/src/app/services/modules/report-card/mp-board/models/extra-sub-field.ts": {"lines":{"total":6,"covered":3,"skipped":0,"pct":50},"functions":{"total":1,"covered":1,"skipped":0,"pct":100},"statements":{"total":7,"covered":4,"skipped":0,"pct":57.14},"branches":{"total":0,"covered":0,"skipped":0,"pct":100}}
,"/Users/harshal/projects/code/korangle/frontend/src/app/services/modules/salary/salary-old.service.ts": {"lines":{"total":42,"covered":15,"skipped":0,"pct":35.71},"functions":{"total":13,"covered":1,"skipped":0,"pct":7.69},"statements":{"total":45,"covered":18,"skipped":0,"pct":40},"branches":{"total":2,"covered":0,"skipped":0,"pct":0}}
,"/Users/harshal/projects/code/korangle/frontend/src/app/services/modules/school/bus-stop.service.ts": {"lines":{"total":7,"covered":5,"skipped":0,"pct":71.43},"functions":{"total":2,"covered":1,"skipped":0,"pct":50},"statements":{"total":10,"covered":8,"skipped":0,"pct":80},"branches":{"total":0,"covered":0,"skipped":0,"pct":100}}
,"/Users/harshal/projects/code/korangle/frontend/src/app/services/modules/school/school-old.service.ts": {"lines":{"total":13,"covered":8,"skipped":0,"pct":61.54},"functions":{"total":5,"covered":1,"skipped":0,"pct":20},"statements":{"total":16,"covered":11,"skipped":0,"pct":68.75},"branches":{"total":0,"covered":0,"skipped":0,"pct":100}}
,"/Users/harshal/projects/code/korangle/frontend/src/app/services/modules/school/school.service.ts": {"lines":{"total":15,"covered":7,"skipped":0,"pct":46.67},"functions":{"total":2,"covered":1,"skipped":0,"pct":50},"statements":{"total":18,"covered":10,"skipped":0,"pct":55.56},"branches":{"total":2,"covered":0,"skipped":0,"pct":0}}
,"/Users/harshal/projects/code/korangle/frontend/src/app/services/modules/school/models/board.ts": {"lines":{"total":6,"covered":3,"skipped":0,"pct":50},"functions":{"total":1,"covered":1,"skipped":0,"pct":100},"statements":{"total":7,"covered":4,"skipped":0,"pct":57.14},"branches":{"total":0,"covered":0,"skipped":0,"pct":100}}
,"/Users/harshal/projects/code/korangle/frontend/src/app/services/modules/school/models/session.ts": {"lines":{"total":7,"covered":3,"skipped":0,"pct":42.86},"functions":{"total":1,"covered":1,"skipped":0,"pct":100},"statements":{"total":8,"covered":4,"skipped":0,"pct":50},"branches":{"total":0,"covered":0,"skipped":0,"pct":100}}
,"/Users/harshal/projects/code/korangle/frontend/src/app/services/modules/sms/sms-old.service.ts": {"lines":{"total":20,"covered":10,"skipped":0,"pct":50},"functions":{"total":6,"covered":1,"skipped":0,"pct":16.67},"statements":{"total":23,"covered":13,"skipped":0,"pct":56.52},"branches":{"total":0,"covered":0,"skipped":0,"pct":100}}
,"/Users/harshal/projects/code/korangle/frontend/src/app/services/modules/sms/sms.service.ts": {"lines":{"total":8,"covered":4,"skipped":0,"pct":50},"functions":{"total":2,"covered":1,"skipped":0,"pct":50},"statements":{"total":11,"covered":7,"skipped":0,"pct":63.64},"branches":{"total":3,"covered":0,"skipped":0,"pct":0}}
,"/Users/harshal/projects/code/korangle/frontend/src/app/services/modules/student/student-old.service.ts": {"lines":{"total":52,"covered":22,"skipped":0,"pct":42.31},"functions":{"total":20,"covered":1,"skipped":0,"pct":5},"statements":{"total":55,"covered":25,"skipped":0,"pct":45.45},"branches":{"total":3,"covered":0,"skipped":0,"pct":0}}
,"/Users/harshal/projects/code/korangle/frontend/src/app/services/modules/student/student.service.ts": {"lines":{"total":11,"covered":5,"skipped":0,"pct":45.45},"functions":{"total":2,"covered":1,"skipped":0,"pct":50},"statements":{"total":14,"covered":8,"skipped":0,"pct":57.14},"branches":{"total":2,"covered":0,"skipped":0,"pct":0}}
,"/Users/harshal/projects/code/korangle/frontend/src/app/services/modules/student/models/student-section.ts": {"lines":{"total":9,"covered":2,"skipped":0,"pct":22.22},"functions":{"total":1,"covered":1,"skipped":0,"pct":100},"statements":{"total":10,"covered":3,"skipped":0,"pct":30},"branches":{"total":0,"covered":0,"skipped":0,"pct":100}}
,"/Users/harshal/projects/code/korangle/frontend/src/app/services/modules/student/models/student.ts": {"lines":{"total":33,"covered":2,"skipped":0,"pct":6.06},"functions":{"total":1,"covered":1,"skipped":0,"pct":100},"statements":{"total":34,"covered":3,"skipped":0,"pct":8.82},"branches":{"total":0,"covered":0,"skipped":0,"pct":100}}
,"/Users/harshal/projects/code/korangle/frontend/src/app/services/modules/subject/subject-old.service.ts": {"lines":{"total":43,"covered":16,"skipped":0,"pct":37.21},"functions":{"total":16,"covered":1,"skipped":0,"pct":6.25},"statements":{"total":46,"covered":19,"skipped":0,"pct":41.3},"branches":{"total":6,"covered":0,"skipped":0,"pct":0}}
,"/Users/harshal/projects/code/korangle/frontend/src/app/services/modules/subject/subject.service.ts": {"lines":{"total":9,"covered":4,"skipped":0,"pct":44.44},"functions":{"total":2,"covered":1,"skipped":0,"pct":50},"statements":{"total":12,"covered":7,"skipped":0,"pct":58.33},"branches":{"total":3,"covered":0,"skipped":0,"pct":0}}
,"/Users/harshal/projects/code/korangle/frontend/src/app/services/modules/subject/models/student-subject.ts": {"lines":{"total":6,"covered":2,"skipped":0,"pct":33.33},"functions":{"total":1,"covered":1,"skipped":0,"pct":100},"statements":{"total":7,"covered":3,"skipped":0,"pct":42.86},"branches":{"total":0,"covered":0,"skipped":0,"pct":100}}
,"/Users/harshal/projects/code/korangle/frontend/src/app/services/modules/team/team.service.ts": {"lines":{"total":8,"covered":4,"skipped":0,"pct":50},"functions":{"total":2,"covered":1,"skipped":0,"pct":50},"statements":{"total":11,"covered":7,"skipped":0,"pct":63.64},"branches":{"total":3,"covered":0,"skipped":0,"pct":0}}
,"/Users/harshal/projects/code/korangle/frontend/src/app/services/modules/user/user-old.service.ts": {"lines":{"total":10,"covered":6,"skipped":0,"pct":60},"functions":{"total":3,"covered":1,"skipped":0,"pct":33.33},"statements":{"total":13,"covered":9,"skipped":0,"pct":69.23},"branches":{"total":0,"covered":0,"skipped":0,"pct":100}}
,"/Users/harshal/projects/code/korangle/frontend/src/app/services/modules/user/user.service.ts": {"lines":{"total":7,"covered":4,"skipped":0,"pct":57.14},"functions":{"total":2,"covered":1,"skipped":0,"pct":50},"statements":{"total":10,"covered":7,"skipped":0,"pct":70},"branches":{"total":3,"covered":0,"skipped":0,"pct":0}}
,"/Users/harshal/projects/code/korangle/frontend/src/app/services/modules/vehicle/vehicle-old.service.ts": {"lines":{"total":16,"covered":8,"skipped":0,"pct":50},"functions":{"total":5,"covered":1,"skipped":0,"pct":20},"statements":{"total":19,"covered":11,"skipped":0,"pct":57.89},"branches":{"total":0,"covered":0,"skipped":0,"pct":100}}
,"/Users/harshal/projects/code/korangle/frontend/src/environments/environment.prod.ts": {"lines":{"total":1,"covered":1,"skipped":0,"pct":100},"functions":{"total":0,"covered":0,"skipped":0,"pct":100},"statements":{"total":1,"covered":1,"skipped":0,"pct":100},"branches":{"total":0,"covered":0,"skipped":0,"pct":100}}
,"/Users/harshal/projects/code/korangle/frontend/src/environments/environment.ts": {"lines":{"total":1,"covered":1,"skipped":0,"pct":100},"functions":{"total":0,"covered":0,"skipped":0,"pct":100},"statements":{"total":1,"covered":1,"skipped":0,"pct":100},"branches":{"total":0,"covered":0,"skipped":0,"pct":100}}
,"/Users/harshal/projects/code/korangle/frontend/src/test-data-source/classes/school.ts": {"lines":{"total":1,"covered":1,"skipped":0,"pct":100},"functions":{"total":0,"covered":0,"skipped":0,"pct":100},"statements":{"total":1,"covered":1,"skipped":0,"pct":100},"branches":{"total":0,"covered":0,"skipped":0,"pct":100}}
,"/Users/harshal/projects/code/korangle/frontend/src/test-data-source/classes/user.ts": {"lines":{"total":1,"covered":1,"skipped":0,"pct":100},"functions":{"total":0,"covered":0,"skipped":0,"pct":100},"statements":{"total":1,"covered":1,"skipped":0,"pct":100},"branches":{"total":0,"covered":0,"skipped":0,"pct":100}}
,"/Users/harshal/projects/code/korangle/frontend/src/test-data-source/services/modules/examination/models/examination.ts": {"lines":{"total":1,"covered":1,"skipped":0,"pct":100},"functions":{"total":0,"covered":0,"skipped":0,"pct":100},"statements":{"total":1,"covered":1,"skipped":0,"pct":100},"branches":{"total":0,"covered":0,"skipped":0,"pct":100}}
}
