TN:
SF:/Users/harshal/projects/code/korangle/frontend/src/polyfills.ts
FNF:0
FNH:0
DA:44,1
DA:57,1
LF:2
LH:2
BRF:0
BRH:0
end_of_record
TN:
SF:/Users/harshal/projects/code/korangle/frontend/src/test.ts
FNF:0
FNH:0
DA:3,1
DA:4,1
DA:5,1
DA:13,1
DA:18,1
DA:20,1
LF:6
LH:6
BRF:0
BRH:0
end_of_record
TN:
SF:/Users/harshal/projects/code/korangle/frontend/src/app/basic-components/basic-components.module.ts
FN:45,(anonymous_1)
FNF:1
FNH:1
FNDA:3,(anonymous_1)
DA:1,1
DA:2,1
DA:3,1
DA:5,1
DA:6,1
DA:7,1
DA:9,1
DA:10,1
DA:12,1
DA:45,1
LF:10
LH:10
BRF:0
BRH:0
end_of_record
TN:
SF:/Users/harshal/projects/code/korangle/frontend/src/app/basic-components/loading-spinner/loading-spinner.component.ts
FN:9,(anonymous_2)
FN:4,LoadingSpinnerComponent
FN:21,(anonymous_4)
FN:27,(anonymous_5)
FN:36,(anonymous_6)
FNF:5
FNH:1
FNDA:1,(anonymous_2)
FNDA:0,LoadingSpinnerComponent
FNDA:0,(anonymous_4)
FNDA:0,(anonymous_5)
FNDA:0,(anonymous_6)
DA:1,1
DA:9,1
DA:11,1
DA:13,1
DA:21,1
DA:23,0
DA:25,0
DA:27,0
DA:29,0
DA:36,1
DA:37,0
DA:40,1
LF:12
LH:7
BRDA:23,0,0,0
BRDA:23,0,1,0
BRF:2
BRH:0
end_of_record
TN:
SF:/Users/harshal/projects/code/korangle/frontend/src/app/basic-components/navbar/navbar.component.ts
FN:10,(anonymous_2)
FN:18,NavbarComponent
FN:23,(anonymous_4)
FN:28,(anonymous_5)
FN:33,(anonymous_6)
FN:45,(anonymous_7)
FN:52,(anonymous_8)
FNF:7
FNH:1
FNDA:1,(anonymous_2)
FNDA:0,NavbarComponent
FNDA:0,(anonymous_4)
FNDA:0,(anonymous_5)
FNDA:0,(anonymous_6)
FNDA:0,(anonymous_7)
FNDA:0,(anonymous_8)
DA:1,1
DA:2,1
DA:3,1
DA:10,1
DA:12,1
DA:18,0
DA:19,0
DA:20,0
DA:23,1
DA:26,0
DA:27,0
DA:28,0
DA:29,0
DA:33,1
DA:35,0
DA:36,0
DA:40,0
DA:41,0
DA:43,0
DA:45,1
DA:46,0
DA:47,0
DA:48,0
DA:49,0
DA:50,0
DA:52,1
DA:55,0
DA:56,0
DA:58,0
DA:62,1
LF:30
LH:10
BRDA:55,0,0,0
BRDA:55,0,1,0
BRF:2
BRH:0
end_of_record
TN:
SF:/Users/harshal/projects/code/korangle/frontend/src/app/basic-components/sidebar/sidebar.component.ts
FN:39,(anonymous_2)
FN:85,SidebarComponent
FN:90,(anonymous_4)
FN:92,(anonymous_5)
FN:104,(anonymous_6)
FN:107,(anonymous_7)
FN:115,(anonymous_8)
FN:122,(anonymous_9)
FN:124,(anonymous_10)
FN:131,(anonymous_11)
FN:132,(anonymous_12)
FN:133,(anonymous_13)
FN:139,(anonymous_14)
FN:141,(anonymous_15)
FN:147,(anonymous_16)
FN:149,(anonymous_17)
FN:154,(anonymous_18)
FN:156,(anonymous_19)
FN:161,(anonymous_20)
FN:166,(anonymous_21)
FNF:20
FNH:1
FNDA:1,(anonymous_2)
FNDA:0,SidebarComponent
FNDA:0,(anonymous_4)
FNDA:0,(anonymous_5)
FNDA:0,(anonymous_6)
FNDA:0,(anonymous_7)
FNDA:0,(anonymous_8)
FNDA:0,(anonymous_9)
FNDA:0,(anonymous_10)
FNDA:0,(anonymous_11)
FNDA:0,(anonymous_12)
FNDA:0,(anonymous_13)
FNDA:0,(anonymous_14)
FNDA:0,(anonymous_15)
FNDA:0,(anonymous_16)
FNDA:0,(anonymous_17)
FNDA:0,(anonymous_18)
FNDA:0,(anonymous_19)
FNDA:0,(anonymous_20)
FNDA:0,(anonymous_21)
DA:1,1
DA:3,1
DA:5,1
DA:7,1
DA:8,1
DA:9,1
DA:10,1
DA:11,1
DA:12,1
DA:13,1
DA:39,1
DA:41,1
DA:43,0
DA:44,0
DA:45,0
DA:47,0
DA:60,0
DA:85,0
DA:86,0
DA:87,0
DA:90,1
DA:91,0
DA:93,0
DA:94,0
DA:96,0
DA:100,0
DA:103,0
DA:105,0
DA:107,0
DA:108,0
DA:110,0
DA:111,0
DA:115,1
DA:116,0
DA:117,0
DA:119,0
DA:122,1
DA:123,0
DA:124,0
DA:125,0
DA:126,0
DA:127,0
DA:131,1
DA:132,0
DA:133,0
DA:134,0
DA:139,1
DA:140,0
DA:141,0
DA:142,0
DA:147,1
DA:148,0
DA:149,0
DA:150,0
DA:154,1
DA:155,0
DA:156,0
DA:157,0
DA:161,1
DA:162,0
DA:163,0
DA:166,1
DA:167,0
DA:171,0
DA:172,0
DA:173,0
DA:174,0
DA:177,1
LF:68
LH:22
BRDA:93,0,0,0
BRDA:93,0,1,0
BRDA:96,1,0,0
BRDA:96,1,1,0
BRDA:97,2,0,0
BRDA:97,2,1,0
BRDA:110,3,0,0
BRDA:110,3,1,0
BRDA:116,4,0,0
BRDA:116,4,1,0
BRDA:132,5,0,0
BRDA:132,5,1,0
BRDA:133,6,0,0
BRDA:133,6,1,0
BRDA:162,7,0,0
BRDA:162,7,1,0
BRF:16
BRH:0
end_of_record
TN:
SF:/Users/harshal/projects/code/korangle/frontend/src/app/classes/cache-storage.ts
FN:2,(anonymous_0)
FN:9,CacheStorage
FN:11,(anonymous_2)
FNF:3
FNH:1
FNDA:1,(anonymous_0)
FNDA:0,CacheStorage
FNDA:0,(anonymous_2)
DA:2,1
DA:11,1
DA:12,0
DA:13,0
DA:15,0
DA:18,1
LF:6
LH:3
BRDA:12,0,0,0
BRDA:12,0,1,0
BRF:2
BRH:0
end_of_record
TN:
SF:/Users/harshal/projects/code/korangle/frontend/src/app/classes/common.js
FN:2,sendDataToAndroid
FN:8,registerForNotification
FN:14,unregisterForNotification
FN:20,isMobile
FNF:4
FNH:1
FNDA:0,sendDataToAndroid
FNDA:0,registerForNotification
FNDA:0,unregisterForNotification
FNDA:17,isMobile
DA:3,0
DA:4,0
DA:9,0
DA:10,0
DA:15,0
DA:16,0
DA:21,17
DA:22,0
DA:24,17
LF:9
LH:2
BRDA:3,0,0,0
BRDA:3,0,1,0
BRDA:9,1,0,0
BRDA:9,1,1,0
BRDA:15,2,0,0
BRDA:15,2,1,0
BRDA:21,3,0,0
BRDA:21,3,1,17
BRF:8
BRH:1
end_of_record
TN:
SF:/Users/harshal/projects/code/korangle/frontend/src/app/classes/constants.ts
FN:2,(anonymous_0)
FNF:1
FNH:1
FNDA:1,(anonymous_0)
DA:2,1
DA:4,1
DA:6,1
LF:3
LH:3
BRF:0
BRH:0
end_of_record
TN:
SF:/Users/harshal/projects/code/korangle/frontend/src/app/classes/data-storage.ts
FN:2,(anonymous_0)
FN:8,DataStorage
FN:10,(anonymous_2)
FN:17,(anonymous_3)
FN:21,(anonymous_4)
FNF:5
FNH:4
FNDA:1,(anonymous_0)
FNDA:1,DataStorage
FNDA:2,(anonymous_2)
FNDA:2,(anonymous_3)
FNDA:0,(anonymous_4)
DA:2,1
DA:10,1
DA:11,2
DA:12,1
DA:14,2
DA:17,1
DA:18,2
DA:21,1
DA:22,0
DA:25,1
LF:10
LH:9
BRDA:11,0,0,1
BRDA:11,0,1,1
BRF:2
BRH:2
end_of_record
TN:
SF:/Users/harshal/projects/code/korangle/frontend/src/app/classes/school.ts
FN:2,(anonymous_0)
FN:44,(anonymous_2)
FN:110,(anonymous_3)
FN:116,(anonymous_4)
FNF:4
FNH:1
FNDA:1,(anonymous_0)
FNDA:0,(anonymous_2)
FNDA:0,(anonymous_3)
FNDA:0,(anonymous_4)
DA:2,1
DA:4,0
DA:10,0
DA:11,0
DA:12,0
DA:14,0
DA:40,0
DA:41,0
DA:42,0
DA:44,1
DA:45,0
DA:46,0
DA:47,0
DA:48,0
DA:49,0
DA:50,0
DA:51,0
DA:52,0
DA:53,0
DA:55,0
DA:56,0
DA:57,0
DA:58,0
DA:59,0
DA:60,0
DA:62,0
DA:63,0
DA:64,0
DA:65,0
DA:66,0
DA:68,0
DA:70,0
DA:72,0
DA:74,0
DA:76,0
DA:78,0
DA:80,0
DA:81,0
DA:82,0
DA:110,0
DA:111,0
DA:115,0
DA:116,0
DA:117,0
DA:118,0
DA:137,0
DA:138,0
DA:154,1
LF:48
LH:3
BRDA:80,0,0,0
BRDA:80,0,1,0
BRDA:80,1,0,0
BRDA:80,1,1,0
BRDA:137,2,0,0
BRDA:137,2,1,0
BRF:6
BRH:0
end_of_record
TN:
SF:/Users/harshal/projects/code/korangle/frontend/src/app/classes/user.ts
FN:6,(anonymous_0)
FN:27,(anonymous_2)
FN:42,(anonymous_3)
FN:53,(anonymous_4)
FN:55,(anonymous_5)
FN:62,(anonymous_6)
FN:74,(anonymous_7)
FN:89,(anonymous_8)
FN:115,(anonymous_9)
FNF:9
FNH:1
FNDA:1,(anonymous_0)
FNDA:0,(anonymous_2)
FNDA:0,(anonymous_3)
FNDA:0,(anonymous_4)
FNDA:0,(anonymous_5)
FNDA:0,(anonymous_6)
FNDA:0,(anonymous_7)
FNDA:0,(anonymous_8)
FNDA:0,(anonymous_9)
DA:2,1
DA:4,1
DA:6,1
DA:15,0
DA:16,0
DA:22,0
DA:24,0
DA:25,0
DA:27,1
DA:28,0
DA:29,0
DA:30,0
DA:31,0
DA:32,0
DA:33,0
DA:34,0
DA:35,0
DA:36,0
DA:37,0
DA:38,0
DA:39,0
DA:42,1
DA:43,0
DA:44,0
DA:45,0
DA:46,0
DA:48,0
DA:49,0
DA:53,1
DA:54,0
DA:55,0
DA:56,0
DA:57,0
DA:58,0
DA:62,1
DA:63,0
DA:64,0
DA:65,0
DA:66,0
DA:67,0
DA:68,0
DA:69,0
DA:70,0
DA:71,0
DA:74,1
DA:75,0
DA:76,0
DA:77,0
DA:78,0
DA:79,0
DA:80,0
DA:81,0
DA:82,0
DA:83,0
DA:84,0
DA:86,0
DA:89,1
DA:106,0
DA:112,0
DA:115,1
DA:116,0
DA:117,0
DA:123,0
DA:124,0
DA:131,0
DA:132,0
DA:141,1
LF:67
LH:11
BRDA:44,0,0,0
BRDA:44,0,1,0
BRDA:44,1,0,0
BRDA:44,1,1,0
BRDA:75,2,0,0
BRDA:75,2,1,0
BRDA:77,3,0,0
BRDA:77,3,1,0
BRDA:79,4,0,0
BRDA:79,4,1,0
BRDA:81,5,0,0
BRDA:81,5,1,0
BRDA:83,6,0,0
BRDA:83,6,1,0
BRDA:116,7,0,0
BRDA:116,7,1,0
BRDA:116,8,0,0
BRDA:116,8,1,0
BRDA:123,9,0,0
BRDA:123,9,1,0
BRDA:131,10,0,0
BRDA:131,10,1,0
BRF:22
BRH:0
end_of_record
TN:
SF:/Users/harshal/projects/code/korangle/frontend/src/app/components/components.module.ts
FN:107,(anonymous_1)
FNF:1
FNH:1
FNDA:3,(anonymous_1)
DA:1,1
DA:2,1
DA:3,1
DA:4,1
DA:6,1
DA:7,1
DA:8,1
DA:9,1
DA:10,1
DA:11,1
DA:12,1
DA:13,1
DA:14,1
DA:15,1
DA:16,1
DA:20,1
DA:22,1
DA:23,1
DA:24,1
DA:25,1
DA:26,1
DA:30,1
DA:31,1
DA:32,1
DA:107,1
LF:25
LH:25
BRF:0
BRH:0
end_of_record
TN:
SF:/Users/harshal/projects/code/korangle/frontend/src/app/components/date.adapter.ts
FN:4,(anonymous_6)
FN:6,(anonymous_8)
FN:17,(anonymous_9)
FN:34,(anonymous_10)
FN:38,(anonymous_11)
FNF:5
FNH:1
FNDA:1,(anonymous_6)
FNDA:0,(anonymous_8)
FNDA:0,(anonymous_9)
FNDA:0,(anonymous_10)
FNDA:0,(anonymous_11)
DA:1,1
DA:4,1
DA:6,1
DA:7,0
DA:8,0
DA:9,0
DA:10,0
DA:11,0
DA:12,0
DA:14,0
DA:15,0
DA:17,1
DA:18,0
DA:19,0
DA:21,0
DA:22,0
DA:24,0
DA:25,0
DA:26,0
DA:27,0
DA:28,0
DA:30,0
DA:34,1
DA:35,0
DA:38,1
DA:39,0
DA:41,0
DA:43,0
DA:45,0
DA:47,0
DA:49,0
DA:51,0
DA:53,0
DA:55,0
DA:57,0
DA:59,0
DA:61,0
DA:63,0
DA:67,1
DA:69,1
LF:40
LH:8
BRDA:7,0,0,0
BRDA:7,0,1,0
BRDA:7,1,0,0
BRDA:7,1,1,0
BRDA:14,2,0,0
BRDA:14,2,1,0
BRDA:15,3,0,0
BRDA:15,3,1,0
BRDA:18,4,0,0
BRDA:18,4,1,0
BRDA:25,5,0,0
BRDA:25,5,1,0
BRDA:40,6,0,0
BRDA:40,6,1,0
BRDA:40,6,2,0
BRDA:40,6,3,0
BRDA:40,6,4,0
BRDA:40,6,5,0
BRDA:40,6,6,0
BRDA:40,6,7,0
BRDA:40,6,8,0
BRDA:40,6,9,0
BRDA:40,6,10,0
BRDA:40,6,11,0
BRF:24
BRH:0
end_of_record
TN:
SF:/Users/harshal/projects/code/korangle/frontend/src/app/components/day-date/day-date.component.ts
FN:32,(anonymous_2)
FN:19,DayDateComponent
FN:50,(anonymous_4)
FN:67,(anonymous_5)
FN:72,(anonymous_6)
FN:80,(anonymous_7)
FNF:6
FNH:1
FNDA:1,(anonymous_2)
FNDA:0,DayDateComponent
FNDA:0,(anonymous_4)
FNDA:0,(anonymous_5)
FNDA:0,(anonymous_6)
FNDA:0,(anonymous_7)
DA:1,1
DA:2,1
DA:4,1
DA:5,1
DA:11,1
DA:16,1
DA:32,1
DA:34,1
DA:36,1
DA:40,1
DA:42,1
DA:44,1
DA:50,1
DA:51,0
DA:52,0
DA:67,1
DA:68,0
DA:69,0
DA:72,1
DA:73,0
DA:74,0
DA:76,0
DA:80,1
DA:82,0
DA:84,0
DA:86,0
DA:87,0
DA:88,0
DA:90,0
DA:91,0
DA:93,0
DA:96,1
LF:32
LH:17
BRDA:73,0,0,0
BRDA:73,0,1,0
BRDA:82,1,0,0
BRDA:82,1,1,0
BRDA:90,2,0,0
BRDA:90,2,1,0
BRDA:91,3,0,0
BRDA:91,3,1,0
BRF:8
BRH:0
end_of_record
TN:
SF:/Users/harshal/projects/code/korangle/frontend/src/app/components/day-date-old/day-date-old.component.ts
FN:32,(anonymous_2)
FN:19,DayDateOldComponent
FN:49,(anonymous_4)
FN:64,(anonymous_5)
FN:72,(anonymous_6)
FNF:5
FNH:1
FNDA:1,(anonymous_2)
FNDA:0,DayDateOldComponent
FNDA:0,(anonymous_4)
FNDA:0,(anonymous_5)
FNDA:0,(anonymous_6)
DA:1,1
DA:2,1
DA:4,1
DA:5,1
DA:11,1
DA:16,1
DA:32,1
DA:34,1
DA:36,1
DA:38,1
DA:40,1
DA:42,1
DA:44,1
DA:47,0
DA:49,1
DA:50,0
DA:51,0
DA:52,0
DA:55,0
DA:57,0
DA:58,0
DA:60,0
DA:64,1
DA:65,0
DA:66,0
DA:68,0
DA:72,1
DA:74,0
DA:76,0
DA:78,0
DA:79,0
DA:80,0
DA:82,0
DA:83,0
DA:85,0
DA:88,1
LF:36
LH:17
BRDA:50,0,0,0
BRDA:50,0,1,0
BRDA:51,1,0,0
BRDA:51,1,1,0
BRDA:57,2,0,0
BRDA:57,2,1,0
BRDA:65,3,0,0
BRDA:65,3,1,0
BRDA:74,4,0,0
BRDA:74,4,1,0
BRDA:82,5,0,0
BRDA:82,5,1,0
BRDA:83,6,0,0
BRDA:83,6,1,0
BRF:14
BRH:0
end_of_record
TN:
SF:/Users/harshal/projects/code/korangle/frontend/src/app/components/employee-filter/employee-filter.component.ts
FN:15,(anonymous_2)
FN:32,EmployeeFilterComponent
FN:34,(anonymous_4)
FN:39,(anonymous_5)
FN:42,(anonymous_6)
FN:43,(anonymous_7)
FN:50,(anonymous_8)
FN:55,(anonymous_9)
FN:59,(anonymous_10)
FN:65,(anonymous_11)
FN:69,(anonymous_12)
FNF:11
FNH:1
FNDA:1,(anonymous_2)
FNDA:0,EmployeeFilterComponent
FNDA:0,(anonymous_4)
FNDA:0,(anonymous_5)
FNDA:0,(anonymous_6)
FNDA:0,(anonymous_7)
FNDA:0,(anonymous_8)
FNDA:0,(anonymous_9)
FNDA:0,(anonymous_10)
FNDA:0,(anonymous_11)
FNDA:0,(anonymous_12)
DA:1,1
DA:3,1
DA:5,1
DA:6,1
DA:15,1
DA:17,1
DA:19,1
DA:21,1
DA:23,1
DA:25,0
DA:30,0
DA:32,0
DA:34,1
DA:35,0
DA:39,0
DA:40,0
DA:41,0
DA:42,0
DA:43,0
DA:45,0
DA:50,1
DA:51,0
DA:52,0
DA:54,0
DA:55,0
DA:56,0
DA:59,0
DA:60,0
DA:65,1
DA:66,0
DA:69,1
DA:70,0
DA:71,0
DA:73,0
DA:77,1
LF:35
LH:14
BRDA:42,0,0,0
BRDA:42,0,1,0
BRDA:51,1,0,0
BRDA:51,1,1,0
BRDA:54,2,0,0
BRDA:54,2,1,0
BRDA:60,3,0,0
BRDA:60,3,1,0
BRDA:70,4,0,0
BRDA:70,4,1,0
BRF:10
BRH:0
end_of_record
TN:
SF:/Users/harshal/projects/code/korangle/frontend/src/app/components/month-date/month-date.component.ts
FN:49,(anonymous_2)
FN:36,MonthDateComponent
FN:61,(anonymous_4)
FN:70,(anonymous_5)
FN:76,(anonymous_6)
FN:85,(anonymous_7)
FNF:6
FNH:1
FNDA:1,(anonymous_2)
FNDA:0,MonthDateComponent
FNDA:0,(anonymous_4)
FNDA:0,(anonymous_5)
FNDA:0,(anonymous_6)
FNDA:0,(anonymous_7)
DA:1,1
DA:2,1
DA:3,1
DA:4,1
DA:11,1
DA:20,1
DA:24,1
DA:49,1
DA:51,1
DA:52,1
DA:53,1
DA:54,1
DA:56,1
DA:61,1
DA:62,0
DA:63,0
DA:65,0
DA:67,0
DA:70,1
DA:71,0
DA:72,0
DA:73,0
DA:76,1
DA:77,0
DA:78,0
DA:79,0
DA:80,0
DA:81,0
DA:82,0
DA:85,1
DA:86,0
DA:87,0
DA:89,1
LF:33
LH:18
BRDA:62,0,0,0
BRDA:62,0,1,0
BRF:2
BRH:0
end_of_record
TN:
SF:/Users/harshal/projects/code/korangle/frontend/src/app/components/parent-student-filter/parent-student-filter.component.ts
FN:16,(anonymous_2)
FN:53,ParentStudentFilterComponent
FN:56,(anonymous_4)
FN:63,(anonymous_5)
FN:64,(anonymous_6)
FN:68,(anonymous_7)
FN:69,(anonymous_8)
FN:74,(anonymous_9)
FN:84,(anonymous_10)
FN:85,(anonymous_11)
FN:90,(anonymous_12)
FN:91,(anonymous_13)
FN:96,(anonymous_14)
FN:97,(anonymous_15)
FN:102,(anonymous_16)
FN:103,(anonymous_17)
FN:104,(anonymous_18)
FN:110,(anonymous_19)
FN:120,(anonymous_20)
FN:126,(anonymous_21)
FN:130,(anonymous_22)
FN:136,(anonymous_23)
FN:144,(anonymous_24)
FN:146,(anonymous_25)
FN:156,(anonymous_26)
FN:161,(anonymous_27)
FN:165,(anonymous_28)
FN:170,(anonymous_29)
FN:177,(anonymous_30)
FNF:29
FNH:1
FNDA:1,(anonymous_2)
FNDA:0,ParentStudentFilterComponent
FNDA:0,(anonymous_4)
FNDA:0,(anonymous_5)
FNDA:0,(anonymous_6)
FNDA:0,(anonymous_7)
FNDA:0,(anonymous_8)
FNDA:0,(anonymous_9)
FNDA:0,(anonymous_10)
FNDA:0,(anonymous_11)
FNDA:0,(anonymous_12)
FNDA:0,(anonymous_13)
FNDA:0,(anonymous_14)
FNDA:0,(anonymous_15)
FNDA:0,(anonymous_16)
FNDA:0,(anonymous_17)
FNDA:0,(anonymous_18)
FNDA:0,(anonymous_19)
FNDA:0,(anonymous_20)
FNDA:0,(anonymous_21)
FNDA:0,(anonymous_22)
FNDA:0,(anonymous_23)
FNDA:0,(anonymous_24)
FNDA:0,(anonymous_25)
FNDA:0,(anonymous_26)
FNDA:0,(anonymous_27)
FNDA:0,(anonymous_28)
FNDA:0,(anonymous_29)
FNDA:0,(anonymous_30)
DA:1,1
DA:3,1
DA:4,1
DA:5,1
DA:6,1
DA:7,1
DA:16,1
DA:18,1
DA:20,1
DA:22,1
DA:24,1
DA:26,1
DA:28,1
DA:30,1
DA:32,0
DA:33,0
DA:34,0
DA:35,0
DA:36,0
DA:38,0
DA:39,0
DA:44,0
DA:51,0
DA:53,0
DA:54,0
DA:56,1
DA:58,0
DA:59,0
DA:60,0
DA:62,0
DA:63,0
DA:64,0
DA:67,0
DA:68,0
DA:69,0
DA:74,1
DA:75,0
DA:76,0
DA:79,0
DA:81,0
DA:84,1
DA:85,0
DA:86,0
DA:90,1
DA:91,0
DA:92,0
DA:96,1
DA:97,0
DA:98,0
DA:102,1
DA:103,0
DA:104,0
DA:105,0
DA:110,1
DA:111,0
DA:117,0
DA:120,1
DA:121,0
DA:122,0
DA:126,1
DA:127,0
DA:128,0
DA:130,0
DA:131,0
DA:136,1
DA:137,0
DA:138,0
DA:141,0
DA:144,1
DA:145,0
DA:146,0
DA:147,0
DA:149,0
DA:153,0
DA:156,1
DA:157,0
DA:161,1
DA:162,0
DA:163,0
DA:165,0
DA:166,0
DA:170,1
DA:171,0
DA:172,0
DA:174,0
DA:177,1
DA:178,0
DA:179,0
DA:182,1
LF:89
LH:30
BRDA:63,0,0,0
BRDA:63,0,1,0
BRDA:68,1,0,0
BRDA:68,1,1,0
BRDA:76,2,0,0
BRDA:76,2,1,0
BRDA:76,3,0,0
BRDA:76,3,1,0
BRDA:76,3,2,0
BRDA:76,3,3,0
BRDA:76,3,4,0
BRDA:76,3,5,0
BRDA:76,3,6,0
BRDA:76,3,7,0
BRDA:76,3,8,0
BRDA:76,3,9,0
BRDA:98,4,0,0
BRDA:98,4,1,0
BRDA:127,5,0,0
BRDA:127,5,1,0
BRDA:127,6,0,0
BRDA:127,6,1,0
BRDA:131,7,0,0
BRDA:131,7,1,0
BRDA:131,7,2,0
BRDA:137,8,0,0
BRDA:137,8,1,0
BRDA:139,9,0,0
BRDA:139,9,1,0
BRDA:145,10,0,0
BRDA:145,10,1,0
BRDA:150,11,0,0
BRDA:150,11,1,0
BRDA:162,12,0,0
BRDA:162,12,1,0
BRDA:171,13,0,0
BRDA:171,13,1,0
BRF:37
BRH:0
end_of_record
TN:
SF:/Users/harshal/projects/code/korangle/frontend/src/app/components/parent-student-filter/parent-student-filter.service.adapter.ts
FN:4,(anonymous_0)
FN:8,ParentStudentFilterServiceAdapter
FN:12,(anonymous_2)
FN:17,(anonymous_3)
FN:41,(anonymous_4)
FN:56,(anonymous_5)
FN:62,(anonymous_6)
FN:63,(anonymous_7)
FN:64,(anonymous_8)
FN:69,(anonymous_9)
FN:71,(anonymous_10)
FN:72,(anonymous_11)
FN:73,(anonymous_12)
FNF:13
FNH:1
FNDA:1,(anonymous_0)
FNDA:0,ParentStudentFilterServiceAdapter
FNDA:0,(anonymous_2)
FNDA:0,(anonymous_3)
FNDA:0,(anonymous_4)
FNDA:0,(anonymous_5)
FNDA:0,(anonymous_6)
FNDA:0,(anonymous_7)
FNDA:0,(anonymous_8)
FNDA:0,(anonymous_9)
FNDA:0,(anonymous_10)
FNDA:0,(anonymous_11)
FNDA:0,(anonymous_12)
DA:4,1
DA:12,1
DA:13,0
DA:17,1
DA:19,0
DA:21,0
DA:26,0
DA:31,0
DA:32,0
DA:33,0
DA:36,0
DA:43,0
DA:45,0
DA:46,0
DA:47,0
DA:49,0
DA:50,0
DA:52,0
DA:54,0
DA:57,0
DA:62,1
DA:63,0
DA:64,0
DA:65,0
DA:69,1
DA:71,0
DA:72,0
DA:73,0
DA:74,0
DA:79,1
LF:30
LH:6
BRDA:31,0,0,0
BRDA:31,0,1,0
BRDA:74,1,0,0
BRDA:74,1,1,0
BRF:4
BRH:0
end_of_record
TN:
SF:/Users/harshal/projects/code/korangle/frontend/src/app/modules/user-settings/pages/contact-us/contact-us.component.ts
FN:11,(anonymous_2)
FN:17,ContactUsComponent
FN:18,(anonymous_4)
FN:22,(anonymous_5)
FNF:4
FNH:4
FNDA:1,(anonymous_2)
FNDA:2,ContactUsComponent
FNDA:2,(anonymous_4)
FNDA:17,(anonymous_5)
DA:1,1
DA:2,1
DA:3,1
DA:11,1
DA:15,2
DA:18,1
DA:19,2
DA:22,1
DA:23,17
DA:26,1
LF:10
LH:10
BRF:0
BRH:0
end_of_record
TN:
SF:/Users/harshal/projects/code/korangle/frontend/src/app/pipes/amount-in-words.pipe.ts
FN:5,(anonymous_2)
FN:6,AmountInWordsPipe
FN:8,(anonymous_4)
FN:40,(anonymous_5)
FNF:4
FNH:1
FNDA:1,(anonymous_2)
FNDA:0,AmountInWordsPipe
FNDA:0,(anonymous_4)
FNDA:0,(anonymous_5)
DA:1,1
DA:2,1
DA:5,1
DA:6,0
DA:8,1
DA:9,0
DA:10,0
DA:12,0
DA:13,0
DA:17,0
DA:18,0
DA:21,0
DA:22,0
DA:25,0
DA:26,0
DA:29,0
DA:32,0
DA:33,0
DA:34,0
DA:37,0
DA:40,1
DA:41,0
DA:42,0
DA:43,0
DA:44,0
DA:45,0
DA:46,0
DA:47,0
DA:48,0
DA:49,0
DA:50,0
DA:51,0
DA:52,0
DA:53,0
DA:54,0
DA:55,0
DA:56,0
DA:57,0
DA:58,0
DA:59,0
DA:60,0
DA:61,0
DA:62,0
DA:63,0
DA:64,0
DA:65,0
DA:66,0
DA:67,0
DA:68,0
DA:69,0
DA:70,0
DA:71,0
DA:72,0
DA:73,0
DA:74,0
DA:75,0
DA:76,0
DA:77,0
DA:78,0
DA:79,0
DA:80,0
DA:81,0
DA:82,0
DA:83,0
DA:84,0
DA:85,0
DA:86,0
DA:87,0
DA:88,0
DA:89,0
DA:90,0
DA:91,0
DA:92,0
DA:93,0
DA:94,0
DA:95,0
DA:96,0
DA:97,0
DA:98,0
DA:99,0
DA:100,0
DA:101,0
DA:102,0
DA:103,0
DA:104,0
DA:105,0
DA:106,0
DA:107,0
DA:108,0
DA:109,0
DA:110,0
DA:111,0
DA:112,0
DA:113,0
DA:114,0
DA:115,0
DA:116,0
DA:117,0
DA:118,0
DA:119,0
DA:120,0
DA:121,0
DA:122,0
DA:123,0
DA:124,0
DA:125,0
DA:126,0
DA:127,0
DA:128,0
DA:129,0
DA:130,0
DA:131,0
DA:132,0
DA:133,0
DA:134,0
DA:135,0
DA:136,0
DA:137,0
DA:138,0
DA:139,0
DA:140,0
DA:141,0
DA:142,0
DA:146,1
LF:124
LH:6
BRDA:12,0,0,0
BRDA:12,0,1,0
BRDA:17,1,0,0
BRDA:17,1,1,0
BRDA:21,2,0,0
BRDA:21,2,1,0
BRDA:25,3,0,0
BRDA:25,3,1,0
BRDA:32,4,0,0
BRDA:32,4,1,0
BRDA:43,5,0,0
BRDA:43,5,1,0
BRDA:43,5,2,0
BRDA:43,5,3,0
BRDA:43,5,4,0
BRDA:43,5,5,0
BRDA:43,5,6,0
BRDA:43,5,7,0
BRDA:43,5,8,0
BRDA:43,5,9,0
BRDA:43,5,10,0
BRDA:43,5,11,0
BRDA:43,5,12,0
BRDA:43,5,13,0
BRDA:43,5,14,0
BRDA:43,5,15,0
BRDA:43,5,16,0
BRDA:43,5,17,0
BRDA:43,5,18,0
BRDA:43,5,19,0
BRDA:43,5,20,0
BRDA:43,5,21,0
BRDA:43,5,22,0
BRDA:43,5,23,0
BRDA:43,5,24,0
BRDA:43,5,25,0
BRDA:43,5,26,0
BRDA:43,5,27,0
BRDA:43,5,28,0
BRDA:43,5,29,0
BRDA:43,5,30,0
BRDA:43,5,31,0
BRDA:43,5,32,0
BRDA:43,5,33,0
BRDA:43,5,34,0
BRDA:43,5,35,0
BRDA:43,5,36,0
BRDA:43,5,37,0
BRDA:43,5,38,0
BRDA:43,5,39,0
BRDA:43,5,40,0
BRDA:43,5,41,0
BRDA:43,5,42,0
BRDA:43,5,43,0
BRDA:43,5,44,0
BRDA:43,5,45,0
BRDA:43,5,46,0
BRDA:43,5,47,0
BRDA:43,5,48,0
BRDA:43,5,49,0
BRDA:43,5,50,0
BRDA:43,5,51,0
BRDA:43,5,52,0
BRDA:43,5,53,0
BRDA:43,5,54,0
BRDA:43,5,55,0
BRDA:43,5,56,0
BRDA:43,5,57,0
BRDA:43,5,58,0
BRDA:43,5,59,0
BRDA:43,5,60,0
BRDA:43,5,61,0
BRDA:43,5,62,0
BRDA:43,5,63,0
BRDA:43,5,64,0
BRDA:43,5,65,0
BRDA:43,5,66,0
BRDA:43,5,67,0
BRDA:43,5,68,0
BRDA:43,5,69,0
BRDA:43,5,70,0
BRDA:43,5,71,0
BRDA:43,5,72,0
BRDA:43,5,73,0
BRDA:43,5,74,0
BRDA:43,5,75,0
BRDA:43,5,76,0
BRDA:43,5,77,0
BRDA:43,5,78,0
BRDA:43,5,79,0
BRDA:43,5,80,0
BRDA:43,5,81,0
BRDA:43,5,82,0
BRDA:43,5,83,0
BRDA:43,5,84,0
BRDA:43,5,85,0
BRDA:43,5,86,0
BRDA:43,5,87,0
BRDA:43,5,88,0
BRDA:43,5,89,0
BRDA:43,5,90,0
BRDA:43,5,91,0
BRDA:43,5,92,0
BRDA:43,5,93,0
BRDA:43,5,94,0
BRDA:43,5,95,0
BRDA:43,5,96,0
BRDA:43,5,97,0
BRDA:43,5,98,0
BRDA:43,5,99,0
BRF:110
BRH:0
end_of_record
TN:
SF:/Users/harshal/projects/code/korangle/frontend/src/app/pipes/date-in-words.pipe.ts
FN:7,(anonymous_2)
FN:8,DateInWordsPipe
FN:10,(anonymous_4)
FN:23,(anonymous_5)
FN:91,(anonymous_6)
FN:121,(anonymous_7)
FN:129,(anonymous_8)
FNF:7
FNH:1
FNDA:1,(anonymous_2)
FNDA:0,DateInWordsPipe
FNDA:0,(anonymous_4)
FNDA:0,(anonymous_5)
FNDA:0,(anonymous_6)
FNDA:0,(anonymous_7)
FNDA:0,(anonymous_8)
DA:1,1
DA:2,1
DA:7,1
DA:8,0
DA:10,1
DA:12,0
DA:14,0
DA:16,0
DA:17,0
DA:18,0
DA:20,0
DA:23,1
DA:24,0
DA:26,0
DA:28,0
DA:30,0
DA:32,0
DA:34,0
DA:36,0
DA:38,0
DA:40,0
DA:42,0
DA:44,0
DA:46,0
DA:48,0
DA:50,0
DA:52,0
DA:54,0
DA:56,0
DA:58,0
DA:60,0
DA:62,0
DA:64,0
DA:66,0
DA:68,0
DA:70,0
DA:72,0
DA:74,0
DA:76,0
DA:78,0
DA:80,0
DA:82,0
DA:84,0
DA:86,0
DA:88,0
DA:91,1
DA:92,0
DA:94,0
DA:96,0
DA:98,0
DA:100,0
DA:102,0
DA:104,0
DA:106,0
DA:108,0
DA:110,0
DA:112,0
DA:114,0
DA:116,0
DA:118,0
DA:121,1
DA:122,0
DA:123,0
DA:125,0
DA:129,1
DA:130,0
DA:131,0
DA:132,0
DA:133,0
DA:134,0
DA:135,0
DA:136,0
DA:137,0
DA:138,0
DA:139,0
DA:140,0
DA:141,0
DA:142,0
DA:143,0
DA:144,0
DA:145,0
DA:146,0
DA:147,0
DA:148,0
DA:149,0
DA:150,0
DA:151,0
DA:152,0
DA:153,0
DA:154,0
DA:155,0
DA:156,0
DA:157,0
DA:158,0
DA:159,0
DA:160,0
DA:161,0
DA:162,0
DA:163,0
DA:164,0
DA:165,0
DA:166,0
DA:167,0
DA:168,0
DA:169,0
DA:170,0
DA:171,0
DA:172,0
DA:173,0
DA:174,0
DA:175,0
DA:176,0
DA:177,0
DA:178,0
DA:179,0
DA:180,0
DA:181,0
DA:182,0
DA:183,0
DA:184,0
DA:185,0
DA:186,0
DA:187,0
DA:188,0
DA:189,0
DA:190,0
DA:191,0
DA:192,0
DA:193,0
DA:194,0
DA:195,0
DA:196,0
DA:197,0
DA:198,0
DA:199,0
DA:200,0
DA:201,0
DA:202,0
DA:203,0
DA:204,0
DA:205,0
DA:206,0
DA:207,0
DA:208,0
DA:209,0
DA:210,0
DA:211,0
DA:212,0
DA:213,0
DA:214,0
DA:215,0
DA:216,0
DA:217,0
DA:218,0
DA:219,0
DA:220,0
DA:221,0
DA:222,0
DA:223,0
DA:224,0
DA:225,0
DA:226,0
DA:227,0
DA:228,0
DA:229,0
DA:230,0
DA:234,1
LF:167
LH:9
BRDA:25,0,0,0
BRDA:25,0,1,0
BRDA:25,0,2,0
BRDA:25,0,3,0
BRDA:25,0,4,0
BRDA:25,0,5,0
BRDA:25,0,6,0
BRDA:25,0,7,0
BRDA:25,0,8,0
BRDA:25,0,9,0
BRDA:25,0,10,0
BRDA:25,0,11,0
BRDA:25,0,12,0
BRDA:25,0,13,0
BRDA:25,0,14,0
BRDA:25,0,15,0
BRDA:25,0,16,0
BRDA:25,0,17,0
BRDA:25,0,18,0
BRDA:25,0,19,0
BRDA:25,0,20,0
BRDA:25,0,21,0
BRDA:25,0,22,0
BRDA:25,0,23,0
BRDA:25,0,24,0
BRDA:25,0,25,0
BRDA:25,0,26,0
BRDA:25,0,27,0
BRDA:25,0,28,0
BRDA:25,0,29,0
BRDA:25,0,30,0
BRDA:93,1,0,0
BRDA:93,1,1,0
BRDA:93,1,2,0
BRDA:93,1,3,0
BRDA:93,1,4,0
BRDA:93,1,5,0
BRDA:93,1,6,0
BRDA:93,1,7,0
BRDA:93,1,8,0
BRDA:93,1,9,0
BRDA:93,1,10,0
BRDA:93,1,11,0
BRDA:122,2,0,0
BRDA:122,2,1,0
BRDA:131,3,0,0
BRDA:131,3,1,0
BRDA:131,3,2,0
BRDA:131,3,3,0
BRDA:131,3,4,0
BRDA:131,3,5,0
BRDA:131,3,6,0
BRDA:131,3,7,0
BRDA:131,3,8,0
BRDA:131,3,9,0
BRDA:131,3,10,0
BRDA:131,3,11,0
BRDA:131,3,12,0
BRDA:131,3,13,0
BRDA:131,3,14,0
BRDA:131,3,15,0
BRDA:131,3,16,0
BRDA:131,3,17,0
BRDA:131,3,18,0
BRDA:131,3,19,0
BRDA:131,3,20,0
BRDA:131,3,21,0
BRDA:131,3,22,0
BRDA:131,3,23,0
BRDA:131,3,24,0
BRDA:131,3,25,0
BRDA:131,3,26,0
BRDA:131,3,27,0
BRDA:131,3,28,0
BRDA:131,3,29,0
BRDA:131,3,30,0
BRDA:131,3,31,0
BRDA:131,3,32,0
BRDA:131,3,33,0
BRDA:131,3,34,0
BRDA:131,3,35,0
BRDA:131,3,36,0
BRDA:131,3,37,0
BRDA:131,3,38,0
BRDA:131,3,39,0
BRDA:131,3,40,0
BRDA:131,3,41,0
BRDA:131,3,42,0
BRDA:131,3,43,0
BRDA:131,3,44,0
BRDA:131,3,45,0
BRDA:131,3,46,0
BRDA:131,3,47,0
BRDA:131,3,48,0
BRDA:131,3,49,0
BRDA:131,3,50,0
BRDA:131,3,51,0
BRDA:131,3,52,0
BRDA:131,3,53,0
BRDA:131,3,54,0
BRDA:131,3,55,0
BRDA:131,3,56,0
BRDA:131,3,57,0
BRDA:131,3,58,0
BRDA:131,3,59,0
BRDA:131,3,60,0
BRDA:131,3,61,0
BRDA:131,3,62,0
BRDA:131,3,63,0
BRDA:131,3,64,0
BRDA:131,3,65,0
BRDA:131,3,66,0
BRDA:131,3,67,0
BRDA:131,3,68,0
BRDA:131,3,69,0
BRDA:131,3,70,0
BRDA:131,3,71,0
BRDA:131,3,72,0
BRDA:131,3,73,0
BRDA:131,3,74,0
BRDA:131,3,75,0
BRDA:131,3,76,0
BRDA:131,3,77,0
BRDA:131,3,78,0
BRDA:131,3,79,0
BRDA:131,3,80,0
BRDA:131,3,81,0
BRDA:131,3,82,0
BRDA:131,3,83,0
BRDA:131,3,84,0
BRDA:131,3,85,0
BRDA:131,3,86,0
BRDA:131,3,87,0
BRDA:131,3,88,0
BRDA:131,3,89,0
BRDA:131,3,90,0
BRDA:131,3,91,0
BRDA:131,3,92,0
BRDA:131,3,93,0
BRDA:131,3,94,0
BRDA:131,3,95,0
BRDA:131,3,96,0
BRDA:131,3,97,0
BRDA:131,3,98,0
BRDA:131,3,99,0
BRF:145
BRH:0
end_of_record
TN:
SF:/Users/harshal/projects/code/korangle/frontend/src/app/pipes/indian-currency.pipe.ts
FN:5,(anonymous_2)
FN:6,IndianCurrencyPipe
FN:7,(anonymous_4)
FNF:3
FNH:1
FNDA:1,(anonymous_2)
FNDA:0,IndianCurrencyPipe
FNDA:0,(anonymous_4)
DA:1,1
DA:2,1
DA:5,1
DA:6,0
DA:7,1
DA:8,0
DA:9,0
DA:10,0
DA:11,0
DA:12,0
DA:13,0
DA:15,0
DA:17,0
DA:18,0
DA:21,0
DA:22,0
DA:25,0
DA:27,1
LF:18
LH:5
BRDA:7,0,0,0
BRDA:7,0,1,0
BRDA:12,1,0,0
BRDA:12,1,1,0
BRDA:12,2,0,0
BRDA:12,2,1,0
BRDA:17,3,0,0
BRDA:17,3,1,0
BRDA:21,4,0,0
BRDA:21,4,1,0
BRF:10
BRH:0
end_of_record
TN:
SF:/Users/harshal/projects/code/korangle/frontend/src/app/services/common-service-requirements.ts
FN:11,(anonymous_2)
FN:13,CommonServiceRequirements
FN:15,(anonymous_4)
FN:19,(anonymous_5)
FN:35,(anonymous_6)
FN:39,(anonymous_7)
FN:41,(anonymous_8)
FN:48,(anonymous_9)
FN:52,(anonymous_10)
FN:54,(anonymous_11)
FN:61,(anonymous_12)
FN:65,(anonymous_13)
FN:67,(anonymous_14)
FN:74,(anonymous_15)
FN:78,(anonymous_16)
FN:80,(anonymous_17)
FN:87,(anonymous_18)
FN:93,(anonymous_19)
FN:95,(anonymous_20)
FN:102,(anonymous_21)
FN:106,(anonymous_22)
FN:108,(anonymous_23)
FN:115,(anonymous_24)
FNF:23
FNH:1
FNDA:1,(anonymous_2)
FNDA:0,CommonServiceRequirements
FNDA:0,(anonymous_4)
FNDA:0,(anonymous_5)
FNDA:0,(anonymous_6)
FNDA:0,(anonymous_7)
FNDA:0,(anonymous_8)
FNDA:0,(anonymous_9)
FNDA:0,(anonymous_10)
FNDA:0,(anonymous_11)
FNDA:0,(anonymous_12)
FNDA:0,(anonymous_13)
FNDA:0,(anonymous_14)
FNDA:0,(anonymous_15)
FNDA:0,(anonymous_16)
FNDA:0,(anonymous_17)
FNDA:0,(anonymous_18)
FNDA:0,(anonymous_19)
FNDA:0,(anonymous_20)
FNDA:0,(anonymous_21)
FNDA:0,(anonymous_22)
FNDA:0,(anonymous_23)
FNDA:0,(anonymous_24)
DA:1,1
DA:3,1
DA:4,1
DA:6,1
DA:11,1
DA:13,0
DA:15,1
DA:16,0
DA:19,1
DA:21,0
DA:22,0
DA:23,0
DA:24,0
DA:25,0
DA:26,0
DA:28,0
DA:30,0
DA:31,0
DA:35,1
DA:36,0
DA:37,0
DA:40,0
DA:42,0
DA:43,0
DA:48,1
DA:49,0
DA:50,0
DA:53,0
DA:55,0
DA:56,0
DA:61,1
DA:62,0
DA:63,0
DA:66,0
DA:68,0
DA:69,0
DA:74,1
DA:75,0
DA:76,0
DA:79,0
DA:81,0
DA:82,0
DA:87,1
DA:88,0
DA:89,0
DA:90,0
DA:91,0
DA:94,0
DA:96,0
DA:97,0
DA:102,1
DA:103,0
DA:104,0
DA:107,0
DA:109,0
DA:110,0
DA:115,1
DA:116,0
DA:117,0
DA:120,1
LF:60
LH:15
BRDA:22,0,0,0
BRDA:22,0,1,0
BRDA:23,1,0,0
BRDA:23,1,1,0
BRDA:25,2,0,0
BRDA:25,2,1,0
BRDA:35,3,0,0
BRDA:35,3,1,0
BRDA:48,4,0,0
BRDA:48,4,1,0
BRDA:61,5,0,0
BRDA:61,5,1,0
BRDA:74,6,0,0
BRDA:74,6,1,0
BRDA:87,7,0,0
BRDA:87,7,1,0
BRDA:102,8,0,0
BRDA:102,8,1,0
BRDA:117,9,0,0
BRDA:117,9,1,0
BRF:20
BRH:0
end_of_record
TN:
SF:/Users/harshal/projects/code/korangle/frontend/src/app/services/emitter.service.ts
FN:4,(anonymous_1)
FN:7,(anonymous_3)
FNF:2
FNH:1
FNDA:1,(anonymous_1)
FNDA:0,(anonymous_3)
DA:1,1
DA:4,1
DA:5,1
DA:7,1
DA:8,0
DA:9,0
DA:10,0
DA:13,1
LF:8
LH:5
BRDA:8,0,0,0
BRDA:8,0,1,0
BRF:2
BRH:0
end_of_record
TN:
SF:/Users/harshal/projects/code/korangle/frontend/src/app/services/common/rest-api-gateway.ts
FN:12,(anonymous_2)
FN:14,RestApiGateway
FN:16,(anonymous_4)
FN:20,(anonymous_5)
FN:36,(anonymous_6)
FN:40,(anonymous_7)
FN:42,(anonymous_8)
FN:49,(anonymous_9)
FN:53,(anonymous_10)
FN:55,(anonymous_11)
FN:62,(anonymous_12)
FN:67,(anonymous_13)
FN:69,(anonymous_14)
FN:76,(anonymous_15)
FN:80,(anonymous_16)
FN:82,(anonymous_17)
FN:89,(anonymous_18)
FN:94,(anonymous_19)
FN:96,(anonymous_20)
FN:103,(anonymous_21)
FN:107,(anonymous_22)
FN:109,(anonymous_23)
FN:116,(anonymous_24)
FN:121,(anonymous_25)
FN:123,(anonymous_26)
FN:130,(anonymous_27)
FN:136,(anonymous_28)
FN:138,(anonymous_29)
FN:145,(anonymous_30)
FN:149,(anonymous_31)
FN:151,(anonymous_32)
FN:158,(anonymous_33)
FNF:32
FNH:1
FNDA:1,(anonymous_2)
FNDA:0,RestApiGateway
FNDA:0,(anonymous_4)
FNDA:0,(anonymous_5)
FNDA:0,(anonymous_6)
FNDA:0,(anonymous_7)
FNDA:0,(anonymous_8)
FNDA:0,(anonymous_9)
FNDA:0,(anonymous_10)
FNDA:0,(anonymous_11)
FNDA:0,(anonymous_12)
FNDA:0,(anonymous_13)
FNDA:0,(anonymous_14)
FNDA:0,(anonymous_15)
FNDA:0,(anonymous_16)
FNDA:0,(anonymous_17)
FNDA:0,(anonymous_18)
FNDA:0,(anonymous_19)
FNDA:0,(anonymous_20)
FNDA:0,(anonymous_21)
FNDA:0,(anonymous_22)
FNDA:0,(anonymous_23)
FNDA:0,(anonymous_24)
FNDA:0,(anonymous_25)
FNDA:0,(anonymous_26)
FNDA:0,(anonymous_27)
FNDA:0,(anonymous_28)
FNDA:0,(anonymous_29)
FNDA:0,(anonymous_30)
FNDA:0,(anonymous_31)
FNDA:0,(anonymous_32)
FNDA:0,(anonymous_33)
DA:1,1
DA:3,1
DA:4,1
DA:6,1
DA:7,1
DA:12,1
DA:14,0
DA:16,1
DA:17,0
DA:20,1
DA:22,0
DA:23,0
DA:24,0
DA:25,0
DA:26,0
DA:27,0
DA:29,0
DA:31,0
DA:32,0
DA:36,1
DA:37,0
DA:38,0
DA:41,0
DA:43,0
DA:44,0
DA:49,1
DA:50,0
DA:51,0
DA:54,0
DA:56,0
DA:57,0
DA:62,1
DA:64,0
DA:65,0
DA:68,0
DA:70,0
DA:71,0
DA:76,1
DA:77,0
DA:78,0
DA:81,0
DA:83,0
DA:84,0
DA:89,1
DA:91,0
DA:92,0
DA:95,0
DA:97,0
DA:98,0
DA:103,1
DA:104,0
DA:105,0
DA:108,0
DA:110,0
DA:111,0
DA:116,1
DA:118,0
DA:119,0
DA:122,0
DA:124,0
DA:125,0
DA:130,1
DA:131,0
DA:132,0
DA:133,0
DA:134,0
DA:137,0
DA:139,0
DA:140,0
DA:145,1
DA:146,0
DA:147,0
DA:150,0
DA:152,0
DA:153,0
DA:158,1
DA:159,0
DA:160,0
DA:163,1
LF:79
LH:19
BRDA:23,0,0,0
BRDA:23,0,1,0
BRDA:24,1,0,0
BRDA:24,1,1,0
BRDA:26,2,0,0
BRDA:26,2,1,0
BRDA:160,3,0,0
BRDA:160,3,1,0
BRF:8
BRH:0
end_of_record
TN:
SF:/Users/harshal/projects/code/korangle/frontend/src/app/services/common/service-object.ts
FN:8,(anonymous_7)
FN:7,ServiceObject
FN:17,(anonymous_9)
FN:25,(anonymous_10)
FN:30,(anonymous_11)
FN:36,(anonymous_12)
FN:45,(anonymous_13)
FN:54,(anonymous_14)
FN:63,(anonymous_15)
FN:72,(anonymous_16)
FN:81,(anonymous_17)
FN:90,(anonymous_18)
FN:98,(anonymous_19)
FN:103,(anonymous_20)
FNF:14
FNH:1
FNDA:1,(anonymous_7)
FNDA:0,ServiceObject
FNDA:0,(anonymous_9)
FNDA:0,(anonymous_10)
FNDA:0,(anonymous_11)
FNDA:0,(anonymous_12)
FNDA:0,(anonymous_13)
FNDA:0,(anonymous_14)
FNDA:0,(anonymous_15)
FNDA:0,(anonymous_16)
FNDA:0,(anonymous_17)
FNDA:0,(anonymous_18)
FNDA:0,(anonymous_19)
FNDA:0,(anonymous_20)
DA:1,1
DA:5,1
DA:7,0
DA:8,1
DA:10,0
DA:11,0
DA:13,0
DA:14,0
DA:17,1
DA:18,0
DA:19,0
DA:21,0
DA:22,0
DA:25,1
DA:26,0
DA:27,0
DA:29,0
DA:30,0
DA:31,0
DA:33,0
DA:36,1
DA:37,0
DA:38,0
DA:39,0
DA:40,0
DA:42,0
DA:45,1
DA:46,0
DA:47,0
DA:48,0
DA:49,0
DA:51,0
DA:54,1
DA:55,0
DA:56,0
DA:57,0
DA:58,0
DA:60,0
DA:63,1
DA:64,0
DA:65,0
DA:66,0
DA:67,0
DA:69,0
DA:72,1
DA:73,0
DA:74,0
DA:75,0
DA:76,0
DA:78,0
DA:81,1
DA:82,0
DA:83,0
DA:84,0
DA:85,0
DA:87,0
DA:90,1
DA:91,0
DA:92,0
DA:94,0
DA:95,0
DA:98,1
DA:99,0
DA:100,0
DA:102,0
DA:103,0
DA:104,0
DA:106,0
DA:109,1
LF:69
LH:14
BRDA:7,0,0,0
BRDA:7,0,1,0
BRDA:7,0,2,0
BRDA:18,1,0,0
BRDA:18,1,1,0
BRDA:26,2,0,0
BRDA:26,2,1,0
BRDA:37,3,0,0
BRDA:37,3,1,0
BRDA:39,4,0,0
BRDA:39,4,1,0
BRDA:46,5,0,0
BRDA:46,5,1,0
BRDA:48,6,0,0
BRDA:48,6,1,0
BRDA:55,7,0,0
BRDA:55,7,1,0
BRDA:57,8,0,0
BRDA:57,8,1,0
BRDA:64,9,0,0
BRDA:64,9,1,0
BRDA:66,10,0,0
BRDA:66,10,1,0
BRDA:73,11,0,0
BRDA:73,11,1,0
BRDA:75,12,0,0
BRDA:75,12,1,0
BRDA:82,13,0,0
BRDA:82,13,1,0
BRDA:84,14,0,0
BRDA:84,14,1,0
BRDA:91,15,0,0
BRDA:91,15,1,0
BRDA:99,16,0,0
BRDA:99,16,1,0
BRF:35
BRH:0
end_of_record
TN:
SF:/Users/harshal/projects/code/korangle/frontend/src/app/services/modules/class/class-old.service.ts
FN:7,(anonymous_7)
FN:11,(anonymous_9)
FN:15,(anonymous_10)
FN:17,(anonymous_11)
FN:25,(anonymous_12)
FN:27,(anonymous_13)
FNF:6
FNH:1
FNDA:1,(anonymous_7)
FNDA:0,(anonymous_9)
FNDA:0,(anonymous_10)
FNDA:0,(anonymous_11)
FNDA:0,(anonymous_12)
FNDA:0,(anonymous_13)
DA:1,1
DA:3,1
DA:4,1
DA:7,1
DA:11,1
DA:12,0
DA:15,1
DA:16,0
DA:17,0
DA:18,0
DA:19,0
DA:22,0
DA:25,1
DA:26,0
DA:27,0
DA:28,0
DA:29,0
DA:32,0
DA:35,1
LF:19
LH:8
BRDA:16,0,0,0
BRDA:16,0,1,0
BRDA:26,1,0,0
BRDA:26,1,1,0
BRF:4
BRH:0
end_of_record
TN:
SF:/Users/harshal/projects/code/korangle/frontend/src/app/services/modules/employee/employee-old.service.ts
FN:8,(anonymous_7)
FN:10,(anonymous_9)
FN:16,(anonymous_10)
FN:21,(anonymous_11)
FN:26,(anonymous_12)
FN:31,(anonymous_13)
FN:37,(anonymous_14)
FN:43,(anonymous_15)
FN:48,(anonymous_16)
FN:53,(anonymous_17)
FN:58,(anonymous_18)
FN:64,(anonymous_19)
FN:69,(anonymous_20)
FN:74,(anonymous_21)
FN:79,(anonymous_22)
FNF:15
FNH:1
FNDA:1,(anonymous_7)
FNDA:0,(anonymous_9)
FNDA:0,(anonymous_10)
FNDA:0,(anonymous_11)
FNDA:0,(anonymous_12)
FNDA:0,(anonymous_13)
FNDA:0,(anonymous_14)
FNDA:0,(anonymous_15)
FNDA:0,(anonymous_16)
FNDA:0,(anonymous_17)
FNDA:0,(anonymous_18)
FNDA:0,(anonymous_19)
FNDA:0,(anonymous_20)
FNDA:0,(anonymous_21)
FNDA:0,(anonymous_22)
DA:1,1
DA:5,1
DA:8,1
DA:10,1
DA:11,0
DA:12,0
DA:16,1
DA:17,0
DA:18,0
DA:21,1
DA:22,0
DA:23,0
DA:26,1
DA:27,0
DA:28,0
DA:31,1
DA:32,0
DA:33,0
DA:37,1
DA:38,0
DA:39,0
DA:43,1
DA:44,0
DA:45,0
DA:48,1
DA:49,0
DA:50,0
DA:53,1
DA:54,0
DA:55,0
DA:58,1
DA:59,0
DA:60,0
DA:64,1
DA:65,0
DA:66,0
DA:69,1
DA:70,0
DA:71,0
DA:74,1
DA:75,0
DA:76,0
DA:79,1
DA:80,0
DA:81,0
DA:84,1
LF:46
LH:18
BRF:0
BRH:0
end_of_record
TN:
SF:/Users/harshal/projects/code/korangle/frontend/src/app/services/modules/notification/notification.service.ts
FN:7,(anonymous_7)
FN:6,NotificationService
FNF:2
FNH:1
FNDA:1,(anonymous_7)
FNDA:0,NotificationService
DA:1,1
DA:4,1
DA:6,0
DA:7,1
DA:9,0
DA:12,0
DA:13,0
DA:15,1
LF:8
LH:4
BRDA:6,0,0,0
BRDA:6,0,1,0
BRDA:6,0,2,0
BRF:3
BRH:0
end_of_record
TN:
SF:/Users/harshal/projects/code/korangle/frontend/src/app/services/modules/school/school.service.ts
FN:11,(anonymous_8)
FN:20,SchoolService
FNF:2
FNH:1
FNDA:1,(anonymous_8)
FNDA:0,SchoolService
DA:1,1
DA:3,1
DA:5,1
DA:6,1
DA:8,1
DA:11,1
DA:13,0
DA:16,0
DA:17,0
DA:18,0
DA:20,0
DA:21,0
DA:22,0
DA:23,0
DA:26,1
LF:15
LH:7
BRDA:21,0,0,0
BRDA:21,0,1,0
BRF:2
BRH:0
end_of_record
TN:
SF:/Users/harshal/projects/code/korangle/frontend/src/app/services/modules/school/models/board.ts
FN:2,(anonymous_0)
FNF:1
FNH:1
FNDA:1,(anonymous_0)
DA:2,1
DA:4,0
DA:5,0
DA:6,0
DA:8,1
DA:10,1
LF:6
LH:3
BRF:0
BRH:0
end_of_record
TN:
SF:/Users/harshal/projects/code/korangle/frontend/src/app/services/modules/school/models/session.ts
FN:1,(anonymous_0)
FNF:1
FNH:1
FNDA:1,(anonymous_0)
DA:1,1
DA:2,0
DA:3,0
DA:4,0
DA:5,0
DA:6,1
DA:8,1
LF:7
LH:3
BRF:0
BRH:0
end_of_record
TN:
SF:/Users/harshal/projects/code/korangle/frontend/src/app/services/modules/student/student.service.ts
FN:8,(anonymous_8)
FN:16,StudentService
FNF:2
FNH:1
FNDA:1,(anonymous_8)
FNDA:0,StudentService
DA:1,1
DA:4,1
DA:5,1
DA:8,1
DA:10,0
DA:13,0
DA:14,0
DA:16,0
DA:17,0
DA:18,0
DA:21,1
LF:11
LH:5
BRDA:17,0,0,0
BRDA:17,0,1,0
BRF:2
BRH:0
end_of_record
TN:
SF:/Users/harshal/projects/code/korangle/frontend/src/environments/environment.ts
FNF:0
FNH:0
DA:3,1
LF:1
LH:1
BRF:0
BRH:0
end_of_record
